<?xml version="1.0" encoding="UTF-8"?>
<testsuite name="com.job.piyawut.registration.UserControllerTest" time="0.261" tests="1" errors="0" skipped="0" failures="1">
  <properties>
[...]
</properties>
  <testcase name="shouldReturnUserWhenGetUser" classname="com.job.piyawut.registration.UserControllerTest" time="0.261">
    <failure message="Content type expected:&lt;application/json&gt; but was:&lt;application/json;charset=UTF-8&gt;" type="java.lang.AssertionError"><![CDATA[java.lang.AssertionError: Content type expected:<application/json> but was:<application/json;charset=UTF-8>
	at org.springframework.test.util.AssertionErrors.fail(AssertionErrors.java:54)
	at org.springframework.test.util.AssertionErrors.assertEquals(AssertionErrors.java:81)
	at org.springframework.test.web.servlet.result.ContentResultMatchers$1.match(ContentResultMatchers.java:83)
	at org.springframework.test.web.servlet.MockMvc$1.andExpect(MockMvc.java:171)
	at com.job.piyawut.registration.UserControllerTest.shouldReturnUserWhenGetUser(UserControllerTest.java:54)
]]></failure>
    <system-out><![CDATA[22:49:03.226 [main] DEBUG org.springframework.test.context.junit4.SpringJUnit4ClassRunner - SpringJUnit4ClassRunner constructor called with [class com.job.piyawut.registration.UserControllerTest]
22:49:03.237 [main] DEBUG org.springframework.test.context.BootstrapUtils - Instantiating CacheAwareContextLoaderDelegate from class [org.springframework.test.context.cache.DefaultCacheAwareContextLoaderDelegate]
22:49:03.250 [main] DEBUG org.springframework.test.context.BootstrapUtils - Instantiating BootstrapContext using constructor [public org.springframework.test.context.support.DefaultBootstrapContext(java.lang.Class,org.springframework.test.context.CacheAwareContextLoaderDelegate)]
22:49:03.269 [main] DEBUG org.springframework.test.context.BootstrapUtils - Instantiating TestContextBootstrapper for test class [com.job.piyawut.registration.UserControllerTest] from class [org.springframework.boot.test.autoconfigure.web.servlet.WebMvcTestContextBootstrapper]
22:49:03.313 [main] INFO org.springframework.boot.test.autoconfigure.web.servlet.WebMvcTestContextBootstrapper - Neither @ContextConfiguration nor @ContextHierarchy found for test class [com.job.piyawut.registration.UserControllerTest], using SpringBootContextLoader
22:49:03.318 [main] DEBUG org.springframework.test.context.support.AbstractContextLoader - Did not detect default resource location for test class [com.job.piyawut.registration.UserControllerTest]: class path resource [com/job/piyawut/registration/UserControllerTest-context.xml] does not exist
22:49:03.320 [main] DEBUG org.springframework.test.context.support.AbstractContextLoader - Did not detect default resource location for test class [com.job.piyawut.registration.UserControllerTest]: class path resource [com/job/piyawut/registration/UserControllerTestContext.groovy] does not exist
22:49:03.321 [main] INFO org.springframework.test.context.support.AbstractContextLoader - Could not detect default resource locations for test class [com.job.piyawut.registration.UserControllerTest]: no resource found for suffixes {-context.xml, Context.groovy}.
22:49:03.325 [main] INFO org.springframework.test.context.support.AnnotationConfigContextLoaderUtils - Could not detect default configuration classes for test class [com.job.piyawut.registration.UserControllerTest]: UserControllerTest does not declare any static, non-private, non-final, nested classes annotated with @Configuration.
22:49:03.445 [main] DEBUG org.springframework.test.context.support.ActiveProfilesUtils - Could not find an 'annotation declaring class' for annotation type [org.springframework.test.context.ActiveProfiles] and class [com.job.piyawut.registration.UserControllerTest]
22:49:03.475 [main] DEBUG org.springframework.core.env.StandardEnvironment - Adding PropertySource 'systemProperties' with lowest search precedence
22:49:03.477 [main] DEBUG org.springframework.core.env.StandardEnvironment - Adding PropertySource 'systemEnvironment' with lowest search precedence
22:49:03.481 [main] DEBUG org.springframework.core.env.StandardEnvironment - Initialized StandardEnvironment with PropertySources [MapPropertySource@1279309678 {name='systemProperties', properties={java.runtime.name=Java(TM) SE Runtime Environment, sun.boot.library.path=/Library/Java/JavaVirtualMachines/jdk1.8.0_111.jdk/Contents/Home/jre/lib, java.vm.version=25.111-b14, gopherProxySet=false, java.vm.vendor=Oracle Corporation, java.vendor.url=http://java.oracle.com/, path.separator=:, java.vm.name=Java HotSpot(TM) 64-Bit Server VM, file.encoding.pkg=sun.io, user.country=US, sun.java.launcher=SUN_STANDARD, sun.os.patch.level=unknown, java.vm.specification.name=Java Virtual Machine Specification, user.dir=/Users/Jocobo/NetBeansProjects/registration-service, java.runtime.version=1.8.0_111-b14, basedir=/Users/Jocobo/NetBeansProjects/registration-service, java.awt.graphicsenv=sun.awt.CGraphicsEnvironment, java.endorsed.dirs=/Library/Java/JavaVirtualMachines/jdk1.8.0_111.jdk/Contents/Home/jre/lib/endorsed, os.arch=x86_64, surefire.real.class.path=/Users/Jocobo/NetBeansProjects/registration-service/target/surefire/surefirebooter6155047621129083745.jar, java.io.tmpdir=/var/folders/ct/rd8w99ns4ws5yhfncwmpsfcc0000gn/T/, line.separator=
, java.vm.specification.vendor=Oracle Corporation, os.name=Mac OS X, maven.ext.class.path=/Applications/NetBeans/NetBeans 8.2.app/Contents/Resources/NetBeans/java/maven-nblib/netbeans-eventspy.jar, sun.jnu.encoding=UTF-8, java.library.path=/Users/Jocobo/Library/Java/Extensions:/Library/Java/Extensions:/Network/Library/Java/Extensions:/System/Library/Java/Extensions:/usr/lib/java:., surefire.test.class.path=/Users/Jocobo/NetBeansProjects/registration-service/target/test-classes:/Users/Jocobo/NetBeansProjects/registration-service/target/classes:/Users/Jocobo/.m2/repository/org/springframework/boot/spring-boot-starter-data-jpa/1.5.10.RELEASE/spring-boot-starter-data-jpa-1.5.10.RELEASE.jar:/Users/Jocobo/.m2/repository/org/springframework/boot/spring-boot-starter/1.5.10.RELEASE/spring-boot-starter-1.5.10.RELEASE.jar:/Users/Jocobo/.m2/repository/org/springframework/boot/spring-boot-starter-logging/1.5.10.RELEASE/spring-boot-starter-logging-1.5.10.RELEASE.jar:/Users/Jocobo/.m2/repository/ch/qos/logback/logback-classic/1.1.11/logback-classic-1.1.11.jar:/Users/Jocobo/.m2/repository/ch/qos/logback/logback-core/1.1.11/logback-core-1.1.11.jar:/Users/Jocobo/.m2/repository/org/slf4j/jul-to-slf4j/1.7.25/jul-to-slf4j-1.7.25.jar:/Users/Jocobo/.m2/repository/org/slf4j/log4j-over-slf4j/1.7.25/log4j-over-slf4j-1.7.25.jar:/Users/Jocobo/.m2/repository/org/yaml/snakeyaml/1.17/snakeyaml-1.17.jar:/Users/Jocobo/.m2/repository/org/springframework/boot/spring-boot-starter-aop/1.5.10.RELEASE/spring-boot-starter-aop-1.5.10.RELEASE.jar:/Users/Jocobo/.m2/repository/org/aspectj/aspectjweaver/1.8.13/aspectjweaver-1.8.13.jar:/Users/Jocobo/.m2/repository/org/springframework/boot/spring-boot-starter-jdbc/1.5.10.RELEASE/spring-boot-starter-jdbc-1.5.10.RELEASE.jar:/Users/Jocobo/.m2/repository/org/apache/tomcat/tomcat-jdbc/8.5.27/tomcat-jdbc-8.5.27.jar:/Users/Jocobo/.m2/repository/org/apache/tomcat/tomcat-juli/8.5.27/tomcat-juli-8.5.27.jar:/Users/Jocobo/.m2/repository/org/springframework/spring-jdbc/4.3.14.RELEASE/spring-jdbc-4.3.14.RELEASE.jar:/Users/Jocobo/.m2/repository/org/hibernate/hibernate-core/5.0.12.Final/hibernate-core-5.0.12.Final.jar:/Users/Jocobo/.m2/repository/org/jboss/logging/jboss-logging/3.3.1.Final/jboss-logging-3.3.1.Final.jar:/Users/Jocobo/.m2/repository/org/hibernate/javax/persistence/hibernate-jpa-2.1-api/1.0.0.Final/hibernate-jpa-2.1-api-1.0.0.Final.jar:/Users/Jocobo/.m2/repository/org/javassist/javassist/3.21.0-GA/javassist-3.21.0-GA.jar:/Users/Jocobo/.m2/repository/antlr/antlr/2.7.7/antlr-2.7.7.jar:/Users/Jocobo/.m2/repository/org/jboss/jandex/2.0.0.Final/jandex-2.0.0.Final.jar:/Users/Jocobo/.m2/repository/dom4j/dom4j/1.6.1/dom4j-1.6.1.jar:/Users/Jocobo/.m2/repository/org/hibernate/common/hibernate-commons-annotations/5.0.1.Final/hibernate-commons-annotations-5.0.1.Final.jar:/Users/Jocobo/.m2/repository/org/hibernate/hibernate-entitymanager/5.0.12.Final/hibernate-entitymanager-5.0.12.Final.jar:/Users/Jocobo/.m2/repository/javax/transaction/javax.transaction-api/1.2/javax.transaction-api-1.2.jar:/Users/Jocobo/.m2/repository/org/springframework/data/spring-data-jpa/1.11.10.RELEASE/spring-data-jpa-1.11.10.RELEASE.jar:/Users/Jocobo/.m2/repository/org/springframework/data/spring-data-commons/1.13.10.RELEASE/spring-data-commons-1.13.10.RELEASE.jar:/Users/Jocobo/.m2/repository/org/springframework/spring-orm/4.3.14.RELEASE/spring-orm-4.3.14.RELEASE.jar:/Users/Jocobo/.m2/repository/org/springframework/spring-tx/4.3.14.RELEASE/spring-tx-4.3.14.RELEASE.jar:/Users/Jocobo/.m2/repository/org/slf4j/slf4j-api/1.7.25/slf4j-api-1.7.25.jar:/Users/Jocobo/.m2/repository/org/slf4j/jcl-over-slf4j/1.7.25/jcl-over-slf4j-1.7.25.jar:/Users/Jocobo/.m2/repository/org/springframework/spring-aspects/4.3.14.RELEASE/spring-aspects-4.3.14.RELEASE.jar:/Users/Jocobo/.m2/repository/org/springframework/boot/spring-boot-starter-security/1.5.10.RELEASE/spring-boot-starter-security-1.5.10.RELEASE.jar:/Users/Jocobo/.m2/repository/org/springframework/spring-aop/4.3.14.RELEASE/spring-aop-4.3.14.RELEASE.jar:/Users/Jocobo/.m2/repository/org/springframework/security/spring-security-config/4.2.4.RELEASE/spring-security-config-4.2.4.RELEASE.jar:/Users/Jocobo/.m2/repository/org/springframework/security/spring-security-web/4.2.4.RELEASE/spring-security-web-4.2.4.RELEASE.jar:/Users/Jocobo/.m2/repository/org/springframework/spring-expression/4.3.14.RELEASE/spring-expression-4.3.14.RELEASE.jar:/Users/Jocobo/.m2/repository/org/springframework/boot/spring-boot-starter-web/1.5.10.RELEASE/spring-boot-starter-web-1.5.10.RELEASE.jar:/Users/Jocobo/.m2/repository/org/springframework/boot/spring-boot-starter-tomcat/1.5.10.RELEASE/spring-boot-starter-tomcat-1.5.10.RELEASE.jar:/Users/Jocobo/.m2/repository/org/apache/tomcat/embed/tomcat-embed-core/8.5.27/tomcat-embed-core-8.5.27.jar:/Users/Jocobo/.m2/repository/org/apache/tomcat/tomcat-annotations-api/8.5.27/tomcat-annotations-api-8.5.27.jar:/Users/Jocobo/.m2/repository/org/apache/tomcat/embed/tomcat-embed-el/8.5.27/tomcat-embed-el-8.5.27.jar:/Users/Jocobo/.m2/repository/org/apache/tomcat/embed/tomcat-embed-websocket/8.5.27/tomcat-embed-websocket-8.5.27.jar:/Users/Jocobo/.m2/repository/org/hibernate/hibernate-validator/5.3.6.Final/hibernate-validator-5.3.6.Final.jar:/Users/Jocobo/.m2/repository/javax/validation/validation-api/1.1.0.Final/validation-api-1.1.0.Final.jar:/Users/Jocobo/.m2/repository/com/fasterxml/classmate/1.3.4/classmate-1.3.4.jar:/Users/Jocobo/.m2/repository/com/fasterxml/jackson/core/jackson-databind/2.8.10/jackson-databind-2.8.10.jar:/Users/Jocobo/.m2/repository/com/fasterxml/jackson/core/jackson-annotations/2.8.0/jackson-annotations-2.8.0.jar:/Users/Jocobo/.m2/repository/com/fasterxml/jackson/core/jackson-core/2.8.10/jackson-core-2.8.10.jar:/Users/Jocobo/.m2/repository/org/springframework/spring-web/4.3.14.RELEASE/spring-web-4.3.14.RELEASE.jar:/Users/Jocobo/.m2/repository/org/springframework/spring-webmvc/4.3.14.RELEASE/spring-webmvc-4.3.14.RELEASE.jar:/Users/Jocobo/.m2/repository/org/springframework/security/oauth/spring-security-oauth2/2.0.14.RELEASE/spring-security-oauth2-2.0.14.RELEASE.jar:/Users/Jocobo/.m2/repository/org/springframework/spring-beans/4.3.14.RELEASE/spring-beans-4.3.14.RELEASE.jar:/Users/Jocobo/.m2/repository/org/springframework/spring-core/4.3.14.RELEASE/spring-core-4.3.14.RELEASE.jar:/Users/Jocobo/.m2/repository/org/springframework/spring-context/4.3.14.RELEASE/spring-context-4.3.14.RELEASE.jar:/Users/Jocobo/.m2/repository/org/springframework/security/spring-security-core/4.2.4.RELEASE/spring-security-core-4.2.4.RELEASE.jar:/Users/Jocobo/.m2/repository/aopalliance/aopalliance/1.0/aopalliance-1.0.jar:/Users/Jocobo/.m2/repository/commons-codec/commons-codec/1.10/commons-codec-1.10.jar:/Users/Jocobo/.m2/repository/org/codehaus/jackson/jackson-mapper-asl/1.9.13/jackson-mapper-asl-1.9.13.jar:/Users/Jocobo/.m2/repository/org/codehaus/jackson/jackson-core-asl/1.9.13/jackson-core-asl-1.9.13.jar:/Users/Jocobo/.m2/repository/org/springframework/security/spring-security-jwt/1.0.9.RELEASE/spring-security-jwt-1.0.9.RELEASE.jar:/Users/Jocobo/.m2/repository/org/bouncycastle/bcpkix-jdk15on/1.56/bcpkix-jdk15on-1.56.jar:/Users/Jocobo/.m2/repository/org/bouncycastle/bcprov-jdk15on/1.56/bcprov-jdk15on-1.56.jar:/Users/Jocobo/.m2/repository/org/springframework/boot/spring-boot-devtools/1.5.10.RELEASE/spring-boot-devtools-1.5.10.RELEASE.jar:/Users/Jocobo/.m2/repository/org/springframework/boot/spring-boot/1.5.10.RELEASE/spring-boot-1.5.10.RELEASE.jar:/Users/Jocobo/.m2/repository/org/springframework/boot/spring-boot-autoconfigure/1.5.10.RELEASE/spring-boot-autoconfigure-1.5.10.RELEASE.jar:/Users/Jocobo/.m2/repository/com/h2database/h2/1.4.196/h2-1.4.196.jar:/Users/Jocobo/.m2/repository/org/projectlombok/lombok/1.16.20/lombok-1.16.20.jar:/Users/Jocobo/.m2/repository/org/springframework/boot/spring-boot-starter-test/1.5.10.RELEASE/spring-boot-starter-test-1.5.10.RELEASE.jar:/Users/Jocobo/.m2/repository/org/springframework/boot/spring-boot-test/1.5.10.RELEASE/spring-boot-test-1.5.10.RELEASE.jar:/Users/Jocobo/.m2/repository/org/springframework/boot/spring-boot-test-autoconfigure/1.5.10.RELEASE/spring-boot-test-autoconfigure-1.5.10.RELEASE.jar:/Users/Jocobo/.m2/repository/com/jayway/jsonpath/json-path/2.2.0/json-path-2.2.0.jar:/Users/Jocobo/.m2/repository/net/minidev/json-smart/2.2.1/json-smart-2.2.1.jar:/Users/Jocobo/.m2/repository/net/minidev/accessors-smart/1.1/accessors-smart-1.1.jar:/Users/Jocobo/.m2/repository/org/ow2/asm/asm/5.0.3/asm-5.0.3.jar:/Users/Jocobo/.m2/repository/junit/junit/4.12/junit-4.12.jar:/Users/Jocobo/.m2/repository/org/assertj/assertj-core/2.6.0/assertj-core-2.6.0.jar:/Users/Jocobo/.m2/repository/org/hamcrest/hamcrest-core/1.3/hamcrest-core-1.3.jar:/Users/Jocobo/.m2/repository/org/hamcrest/hamcrest-library/1.3/hamcrest-library-1.3.jar:/Users/Jocobo/.m2/repository/org/skyscreamer/jsonassert/1.4.0/jsonassert-1.4.0.jar:/Users/Jocobo/.m2/repository/com/vaadin/external/google/android-json/0.0.20131108.vaadin1/android-json-0.0.20131108.vaadin1.jar:/Users/Jocobo/.m2/repository/org/springframework/spring-test/4.3.14.RELEASE/spring-test-4.3.14.RELEASE.jar:/Users/Jocobo/.m2/repository/org/springframework/security/spring-security-test/4.2.4.RELEASE/spring-security-test-4.2.4.RELEASE.jar:/Users/Jocobo/.m2/repository/org/mockito/mockito-core/1.10.19/mockito-core-1.10.19.jar:/Users/Jocobo/.m2/repository/org/objenesis/objenesis/2.1/objenesis-2.1.jar:, java.specification.name=Java Platform API Specification, java.class.version=52.0, sun.management.compiler=HotSpot 64-Bit Tiered Compilers, os.version=10.13.4, http.nonProxyHosts=local|*.local|169.254/16|*.169.254/16, user.home=/Users/Jocobo, user.timezone=Asia/Bangkok, java.awt.printerjob=sun.lwawt.macosx.CPrinterJob, file.encoding=UTF-8, java.specification.version=1.8, java.class.path=/Users/Jocobo/NetBeansProjects/registration-service/target/test-classes:/Users/Jocobo/NetBeansProjects/registration-service/target/classes:/Users/Jocobo/.m2/repository/org/springframework/boot/spring-boot-starter-data-jpa/1.5.10.RELEASE/spring-boot-starter-data-jpa-1.5.10.RELEASE.jar:/Users/Jocobo/.m2/repository/org/springframework/boot/spring-boot-starter/1.5.10.RELEASE/spring-boot-starter-1.5.10.RELEASE.jar:/Users/Jocobo/.m2/repository/org/springframework/boot/spring-boot-starter-logging/1.5.10.RELEASE/spring-boot-starter-logging-1.5.10.RELEASE.jar:/Users/Jocobo/.m2/repository/ch/qos/logback/logback-classic/1.1.11/logback-classic-1.1.11.jar:/Users/Jocobo/.m2/repository/ch/qos/logback/logback-core/1.1.11/logback-core-1.1.11.jar:/Users/Jocobo/.m2/repository/org/slf4j/jul-to-slf4j/1.7.25/jul-to-slf4j-1.7.25.jar:/Users/Jocobo/.m2/repository/org/slf4j/log4j-over-slf4j/1.7.25/log4j-over-slf4j-1.7.25.jar:/Users/Jocobo/.m2/repository/org/yaml/snakeyaml/1.17/snakeyaml-1.17.jar:/Users/Jocobo/.m2/repository/org/springframework/boot/spring-boot-starter-aop/1.5.10.RELEASE/spring-boot-starter-aop-1.5.10.RELEASE.jar:/Users/Jocobo/.m2/repository/org/aspectj/aspectjweaver/1.8.13/aspectjweaver-1.8.13.jar:/Users/Jocobo/.m2/repository/org/springframework/boot/spring-boot-starter-jdbc/1.5.10.RELEASE/spring-boot-starter-jdbc-1.5.10.RELEASE.jar:/Users/Jocobo/.m2/repository/org/apache/tomcat/tomcat-jdbc/8.5.27/tomcat-jdbc-8.5.27.jar:/Users/Jocobo/.m2/repository/org/apache/tomcat/tomcat-juli/8.5.27/tomcat-juli-8.5.27.jar:/Users/Jocobo/.m2/repository/org/springframework/spring-jdbc/4.3.14.RELEASE/spring-jdbc-4.3.14.RELEASE.jar:/Users/Jocobo/.m2/repository/org/hibernate/hibernate-core/5.0.12.Final/hibernate-core-5.0.12.Final.jar:/Users/Jocobo/.m2/repository/org/jboss/logging/jboss-logging/3.3.1.Final/jboss-logging-3.3.1.Final.jar:/Users/Jocobo/.m2/repository/org/hibernate/javax/persistence/hibernate-jpa-2.1-api/1.0.0.Final/hibernate-jpa-2.1-api-1.0.0.Final.jar:/Users/Jocobo/.m2/repository/org/javassist/javassist/3.21.0-GA/javassist-3.21.0-GA.jar:/Users/Jocobo/.m2/repository/antlr/antlr/2.7.7/antlr-2.7.7.jar:/Users/Jocobo/.m2/repository/org/jboss/jandex/2.0.0.Final/jandex-2.0.0.Final.jar:/Users/Jocobo/.m2/repository/dom4j/dom4j/1.6.1/dom4j-1.6.1.jar:/Users/Jocobo/.m2/repository/org/hibernate/common/hibernate-commons-annotations/5.0.1.Final/hibernate-commons-annotations-5.0.1.Final.jar:/Users/Jocobo/.m2/repository/org/hibernate/hibernate-entitymanager/5.0.12.Final/hibernate-entitymanager-5.0.12.Final.jar:/Users/Jocobo/.m2/repository/javax/transaction/javax.transaction-api/1.2/javax.transaction-api-1.2.jar:/Users/Jocobo/.m2/repository/org/springframework/data/spring-data-jpa/1.11.10.RELEASE/spring-data-jpa-1.11.10.RELEASE.jar:/Users/Jocobo/.m2/repository/org/springframework/data/spring-data-commons/1.13.10.RELEASE/spring-data-commons-1.13.10.RELEASE.jar:/Users/Jocobo/.m2/repository/org/springframework/spring-orm/4.3.14.RELEASE/spring-orm-4.3.14.RELEASE.jar:/Users/Jocobo/.m2/repository/org/springframework/spring-tx/4.3.14.RELEASE/spring-tx-4.3.14.RELEASE.jar:/Users/Jocobo/.m2/repository/org/slf4j/slf4j-api/1.7.25/slf4j-api-1.7.25.jar:/Users/Jocobo/.m2/repository/org/slf4j/jcl-over-slf4j/1.7.25/jcl-over-slf4j-1.7.25.jar:/Users/Jocobo/.m2/repository/org/springframework/spring-aspects/4.3.14.RELEASE/spring-aspects-4.3.14.RELEASE.jar:/Users/Jocobo/.m2/repository/org/springframework/boot/spring-boot-starter-security/1.5.10.RELEASE/spring-boot-starter-security-1.5.10.RELEASE.jar:/Users/Jocobo/.m2/repository/org/springframework/spring-aop/4.3.14.RELEASE/spring-aop-4.3.14.RELEASE.jar:/Users/Jocobo/.m2/repository/org/springframework/security/spring-security-config/4.2.4.RELEASE/spring-security-config-4.2.4.RELEASE.jar:/Users/Jocobo/.m2/repository/org/springframework/security/spring-security-web/4.2.4.RELEASE/spring-security-web-4.2.4.RELEASE.jar:/Users/Jocobo/.m2/repository/org/springframework/spring-expression/4.3.14.RELEASE/spring-expression-4.3.14.RELEASE.jar:/Users/Jocobo/.m2/repository/org/springframework/boot/spring-boot-starter-web/1.5.10.RELEASE/spring-boot-starter-web-1.5.10.RELEASE.jar:/Users/Jocobo/.m2/repository/org/springframework/boot/spring-boot-starter-tomcat/1.5.10.RELEASE/spring-boot-starter-tomcat-1.5.10.RELEASE.jar:/Users/Jocobo/.m2/repository/org/apache/tomcat/embed/tomcat-embed-core/8.5.27/tomcat-embed-core-8.5.27.jar:/Users/Jocobo/.m2/repository/org/apache/tomcat/tomcat-annotations-api/8.5.27/tomcat-annotations-api-8.5.27.jar:/Users/Jocobo/.m2/repository/org/apache/tomcat/embed/tomcat-embed-el/8.5.27/tomcat-embed-el-8.5.27.jar:/Users/Jocobo/.m2/repository/org/apache/tomcat/embed/tomcat-embed-websocket/8.5.27/tomcat-embed-websocket-8.5.27.jar:/Users/Jocobo/.m2/repository/org/hibernate/hibernate-validator/5.3.6.Final/hibernate-validator-5.3.6.Final.jar:/Users/Jocobo/.m2/repository/javax/validation/validation-api/1.1.0.Final/validation-api-1.1.0.Final.jar:/Users/Jocobo/.m2/repository/com/fasterxml/classmate/1.3.4/classmate-1.3.4.jar:/Users/Jocobo/.m2/repository/com/fasterxml/jackson/core/jackson-databind/2.8.10/jackson-databind-2.8.10.jar:/Users/Jocobo/.m2/repository/com/fasterxml/jackson/core/jackson-annotations/2.8.0/jackson-annotations-2.8.0.jar:/Users/Jocobo/.m2/repository/com/fasterxml/jackson/core/jackson-core/2.8.10/jackson-core-2.8.10.jar:/Users/Jocobo/.m2/repository/org/springframework/spring-web/4.3.14.RELEASE/spring-web-4.3.14.RELEASE.jar:/Users/Jocobo/.m2/repository/org/springframework/spring-webmvc/4.3.14.RELEASE/spring-webmvc-4.3.14.RELEASE.jar:/Users/Jocobo/.m2/repository/org/springframework/security/oauth/spring-security-oauth2/2.0.14.RELEASE/spring-security-oauth2-2.0.14.RELEASE.jar:/Users/Jocobo/.m2/repository/org/springframework/spring-beans/4.3.14.RELEASE/spring-beans-4.3.14.RELEASE.jar:/Users/Jocobo/.m2/repository/org/springframework/spring-core/4.3.14.RELEASE/spring-core-4.3.14.RELEASE.jar:/Users/Jocobo/.m2/repository/org/springframework/spring-context/4.3.14.RELEASE/spring-context-4.3.14.RELEASE.jar:/Users/Jocobo/.m2/repository/org/springframework/security/spring-security-core/4.2.4.RELEASE/spring-security-core-4.2.4.RELEASE.jar:/Users/Jocobo/.m2/repository/aopalliance/aopalliance/1.0/aopalliance-1.0.jar:/Users/Jocobo/.m2/repository/commons-codec/commons-codec/1.10/commons-codec-1.10.jar:/Users/Jocobo/.m2/repository/org/codehaus/jackson/jackson-mapper-asl/1.9.13/jackson-mapper-asl-1.9.13.jar:/Users/Jocobo/.m2/repository/org/codehaus/jackson/jackson-core-asl/1.9.13/jackson-core-asl-1.9.13.jar:/Users/Jocobo/.m2/repository/org/springframework/security/spring-security-jwt/1.0.9.RELEASE/spring-security-jwt-1.0.9.RELEASE.jar:/Users/Jocobo/.m2/repository/org/bouncycastle/bcpkix-jdk15on/1.56/bcpkix-jdk15on-1.56.jar:/Users/Jocobo/.m2/repository/org/bouncycastle/bcprov-jdk15on/1.56/bcprov-jdk15on-1.56.jar:/Users/Jocobo/.m2/repository/org/springframework/boot/spring-boot-devtools/1.5.10.RELEASE/spring-boot-devtools-1.5.10.RELEASE.jar:/Users/Jocobo/.m2/repository/org/springframework/boot/spring-boot/1.5.10.RELEASE/spring-boot-1.5.10.RELEASE.jar:/Users/Jocobo/.m2/repository/org/springframework/boot/spring-boot-autoconfigure/1.5.10.RELEASE/spring-boot-autoconfigure-1.5.10.RELEASE.jar:/Users/Jocobo/.m2/repository/com/h2database/h2/1.4.196/h2-1.4.196.jar:/Users/Jocobo/.m2/repository/org/projectlombok/lombok/1.16.20/lombok-1.16.20.jar:/Users/Jocobo/.m2/repository/org/springframework/boot/spring-boot-starter-test/1.5.10.RELEASE/spring-boot-starter-test-1.5.10.RELEASE.jar:/Users/Jocobo/.m2/repository/org/springframework/boot/spring-boot-test/1.5.10.RELEASE/spring-boot-test-1.5.10.RELEASE.jar:/Users/Jocobo/.m2/repository/org/springframework/boot/spring-boot-test-autoconfigure/1.5.10.RELEASE/spring-boot-test-autoconfigure-1.5.10.RELEASE.jar:/Users/Jocobo/.m2/repository/com/jayway/jsonpath/json-path/2.2.0/json-path-2.2.0.jar:/Users/Jocobo/.m2/repository/net/minidev/json-smart/2.2.1/json-smart-2.2.1.jar:/Users/Jocobo/.m2/repository/net/minidev/accessors-smart/1.1/accessors-smart-1.1.jar:/Users/Jocobo/.m2/repository/org/ow2/asm/asm/5.0.3/asm-5.0.3.jar:/Users/Jocobo/.m2/repository/junit/junit/4.12/junit-4.12.jar:/Users/Jocobo/.m2/repository/org/assertj/assertj-core/2.6.0/assertj-core-2.6.0.jar:/Users/Jocobo/.m2/repository/org/hamcrest/hamcrest-core/1.3/hamcrest-core-1.3.jar:/Users/Jocobo/.m2/repository/org/hamcrest/hamcrest-library/1.3/hamcrest-library-1.3.jar:/Users/Jocobo/.m2/repository/org/skyscreamer/jsonassert/1.4.0/jsonassert-1.4.0.jar:/Users/Jocobo/.m2/repository/com/vaadin/external/google/android-json/0.0.20131108.vaadin1/android-json-0.0.20131108.vaadin1.jar:/Users/Jocobo/.m2/repository/org/springframework/spring-test/4.3.14.RELEASE/spring-test-4.3.14.RELEASE.jar:/Users/Jocobo/.m2/repository/org/springframework/security/spring-security-test/4.2.4.RELEASE/spring-security-test-4.2.4.RELEASE.jar:/Users/Jocobo/.m2/repository/org/mockito/mockito-core/1.10.19/mockito-core-1.10.19.jar:/Users/Jocobo/.m2/repository/org/objenesis/objenesis/2.1/objenesis-2.1.jar:, user.name=cpiyawut, java.vm.specification.version=1.8, sun.java.command=/Users/Jocobo/NetBeansProjects/registration-service/target/surefire/surefirebooter6155047621129083745.jar /Users/Jocobo/NetBeansProjects/registration-service/target/surefire/surefire8172418338490113599tmp /Users/Jocobo/NetBeansProjects/registration-service/target/surefire/surefire_08233755706079792376tmp, java.home=/Library/Java/JavaVirtualMachines/jdk1.8.0_111.jdk/Contents/Home/jre, sun.arch.data.model=64, user.language=en, java.specification.vendor=Oracle Corporation, awt.toolkit=sun.lwawt.macosx.LWCToolkit, java.vm.info=mixed mode, java.version=1.8.0_111, java.ext.dirs=/Users/Jocobo/Library/Java/Extensions:/Library/Java/JavaVirtualMachines/jdk1.8.0_111.jdk/Contents/Home/jre/lib/ext:/Library/Java/Extensions:/Network/Library/Java/Extensions:/System/Library/Java/Extensions:/usr/lib/java, sun.boot.class.path=/Library/Java/JavaVirtualMachines/jdk1.8.0_111.jdk/Contents/Home/jre/lib/resources.jar:/Library/Java/JavaVirtualMachines/jdk1.8.0_111.jdk/Contents/Home/jre/lib/rt.jar:/Library/Java/JavaVirtualMachines/jdk1.8.0_111.jdk/Contents/Home/jre/lib/sunrsasign.jar:/Library/Java/JavaVirtualMachines/jdk1.8.0_111.jdk/Contents/Home/jre/lib/jsse.jar:/Library/Java/JavaVirtualMachines/jdk1.8.0_111.jdk/Contents/Home/jre/lib/jce.jar:/Library/Java/JavaVirtualMachines/jdk1.8.0_111.jdk/Contents/Home/jre/lib/charsets.jar:/Library/Java/JavaVirtualMachines/jdk1.8.0_111.jdk/Contents/Home/jre/lib/jfr.jar:/Library/Java/JavaVirtualMachines/jdk1.8.0_111.jdk/Contents/Home/jre/classes, java.vendor=Oracle Corporation, localRepository=/Users/Jocobo/.m2/repository, file.separator=/, java.vendor.url.bug=http://bugreport.sun.com/bugreport/, sun.io.unicode.encoding=UnicodeBig, sun.cpu.endian=little, socksNonProxyHosts=local|*.local|169.254/16|*.169.254/16, ftp.nonProxyHosts=local|*.local|169.254/16|*.169.254/16, sun.cpu.isalist=}}, SystemEnvironmentPropertySource@48914743 {name='systemEnvironment', properties={PATH=/usr/bin:/bin:/usr/sbin:/sbin, J2D_PIXMAPS=shared, JAVA_HOME=/Library/Java/JavaVirtualMachines/jdk1.8.0_111.jdk/Contents/Home, NB_EXEC_MAVEN_PROCESS_UUID=3d57158d-5467-47df-b8cd-0488d9fb5591, LOGNAME=cpiyawut, XPC_SERVICE_NAME=0, PWD=/Users/Jocobo/NetBeansProjects/registration-service, _=/Library/Java/JavaVirtualMachines/jdk1.8.0_111.jdk/Contents/Home/jre/bin/java, JAVA_MAIN_CLASS_4383=org.codehaus.plexus.classworlds.launcher.Launcher, APP_ICON_3536=/Applications/NetBeans/NetBeans 8.2.app/Contents/Resources/NetBeans/nb/netbeans.icns, APP_NAME_3536=NetBeans, SHELL=/bin/zsh, JAVA_MAIN_CLASS_4387=org.apache.maven.surefire.booter.ForkedBooter, OLDPWD=/Users/Jocobo/NetBeansProjects/registration-service, USER=cpiyawut, TMPDIR=/var/folders/ct/rd8w99ns4ws5yhfncwmpsfcc0000gn/T/, SSH_AUTH_SOCK=/private/tmp/com.apple.launchd.MAHqFtFZbZ/Listeners, XPC_FLAGS=0x0, M2_HOME=/Applications/NetBeans/NetBeans 8.2.app/Contents/Resources/NetBeans/java/maven, __CF_USER_TEXT_ENCODING=0x1F5:0x0:0x0, Apple_PubSub_Socket_Render=/private/tmp/com.apple.launchd.diK27S1KX0/Render, LC_CTYPE=UTF-8, HOME=/Users/Jocobo, SHLVL=2, JAVA_MAIN_CLASS_3536=org.netbeans.Main}}]
22:49:03.506 [main] DEBUG org.springframework.core.io.support.PathMatchingResourcePatternResolver - Resolved classpath location [com/job/piyawut/registration/] to resources [URL [file:/Users/Jocobo/NetBeansProjects/registration-service/target/test-classes/com/job/piyawut/registration/], URL [file:/Users/Jocobo/NetBeansProjects/registration-service/target/classes/com/job/piyawut/registration/]]
22:49:03.507 [main] DEBUG org.springframework.core.io.support.PathMatchingResourcePatternResolver - Looking for matching resources in directory tree [/Users/Jocobo/NetBeansProjects/registration-service/target/test-classes/com/job/piyawut/registration]
22:49:03.508 [main] DEBUG org.springframework.core.io.support.PathMatchingResourcePatternResolver - Searching directory [/Users/Jocobo/NetBeansProjects/registration-service/target/test-classes/com/job/piyawut/registration] for files matching pattern [/Users/Jocobo/NetBeansProjects/registration-service/target/test-classes/com/job/piyawut/registration/*.class]
22:49:03.515 [main] DEBUG org.springframework.core.io.support.PathMatchingResourcePatternResolver - Looking for matching resources in directory tree [/Users/Jocobo/NetBeansProjects/registration-service/target/classes/com/job/piyawut/registration]
22:49:03.516 [main] DEBUG org.springframework.core.io.support.PathMatchingResourcePatternResolver - Searching directory [/Users/Jocobo/NetBeansProjects/registration-service/target/classes/com/job/piyawut/registration] for files matching pattern [/Users/Jocobo/NetBeansProjects/registration-service/target/classes/com/job/piyawut/registration/*.class]
22:49:03.517 [main] DEBUG org.springframework.core.io.support.PathMatchingResourcePatternResolver - Resolved location pattern [classpath*:com/job/piyawut/registration/*.class] to resources [file [/Users/Jocobo/NetBeansProjects/registration-service/target/test-classes/com/job/piyawut/registration/UserControllerTest.class], file [/Users/Jocobo/NetBeansProjects/registration-service/target/test-classes/com/job/piyawut/registration/UserServiceTest.class], file [/Users/Jocobo/NetBeansProjects/registration-service/target/classes/com/job/piyawut/registration/Application.class]]
22:49:03.571 [main] DEBUG org.springframework.context.annotation.ClassPathScanningCandidateComponentProvider - Identified candidate component class: file [/Users/Jocobo/NetBeansProjects/registration-service/target/classes/com/job/piyawut/registration/Application.class]
22:49:03.573 [main] INFO org.springframework.boot.test.context.SpringBootTestContextBootstrapper - Found @SpringBootConfiguration com.job.piyawut.registration.Application for test class com.job.piyawut.registration.UserControllerTest
22:49:03.577 [main] DEBUG org.springframework.boot.test.autoconfigure.web.servlet.WebMvcTestContextBootstrapper - @TestExecutionListeners is not present for class [com.job.piyawut.registration.UserControllerTest]: using defaults.
22:49:03.582 [main] INFO org.springframework.boot.test.autoconfigure.web.servlet.WebMvcTestContextBootstrapper - Loaded default TestExecutionListener class names from location [META-INF/spring.factories]: [org.springframework.boot.test.mock.mockito.MockitoTestExecutionListener, org.springframework.boot.test.mock.mockito.ResetMocksTestExecutionListener, org.springframework.boot.test.autoconfigure.restdocs.RestDocsTestExecutionListener, org.springframework.boot.test.autoconfigure.web.client.MockRestServiceServerResetTestExecutionListener, org.springframework.boot.test.autoconfigure.web.servlet.MockMvcPrintOnlyOnFailureTestExecutionListener, org.springframework.boot.test.autoconfigure.web.servlet.WebDriverTestExecutionListener, org.springframework.test.context.web.ServletTestExecutionListener, org.springframework.test.context.support.DirtiesContextBeforeModesTestExecutionListener, org.springframework.test.context.support.DependencyInjectionTestExecutionListener, org.springframework.test.context.support.DirtiesContextTestExecutionListener, org.springframework.test.context.transaction.TransactionalTestExecutionListener, org.springframework.test.context.jdbc.SqlScriptsTestExecutionListener, org.springframework.security.test.context.support.WithSecurityContextTestExecutionListener]
22:49:03.617 [main] INFO org.springframework.boot.test.autoconfigure.web.servlet.WebMvcTestContextBootstrapper - Using TestExecutionListeners: [org.springframework.test.context.web.ServletTestExecutionListener@19bb07ed, org.springframework.test.context.support.DirtiesContextBeforeModesTestExecutionListener@10e41621, org.springframework.boot.test.autoconfigure.SpringBootDependencyInjectionTestExecutionListener@353d0772, org.springframework.test.context.support.DirtiesContextTestExecutionListener@2667f029, org.springframework.test.context.transaction.TransactionalTestExecutionListener@67a20f67, org.springframework.test.context.jdbc.SqlScriptsTestExecutionListener@57c758ac, org.springframework.security.test.context.support.WithSecurityContextTestExecutionListener@a9cd3b1, org.springframework.boot.test.mock.mockito.MockitoTestExecutionListener@13e39c73, org.springframework.boot.test.mock.mockito.ResetMocksTestExecutionListener@64cd705f, org.springframework.boot.test.autoconfigure.restdocs.RestDocsTestExecutionListener@9225652, org.springframework.boot.test.autoconfigure.web.client.MockRestServiceServerResetTestExecutionListener@654f0d9c, org.springframework.boot.test.autoconfigure.web.servlet.MockMvcPrintOnlyOnFailureTestExecutionListener@6a400542, org.springframework.boot.test.autoconfigure.web.servlet.WebDriverTestExecutionListener@6580cfdd]
22:49:03.635 [main] DEBUG org.springframework.test.annotation.ProfileValueUtils - Retrieved @ProfileValueSourceConfiguration [null] for test class [com.job.piyawut.registration.UserControllerTest]
22:49:03.636 [main] DEBUG org.springframework.test.annotation.ProfileValueUtils - Retrieved ProfileValueSource type [class org.springframework.test.annotation.SystemProfileValueSource] for class [com.job.piyawut.registration.UserControllerTest]
22:49:03.640 [main] DEBUG org.springframework.test.context.junit4.SpringJUnit4ClassRunner - SpringJUnit4ClassRunner constructor called with [class com.job.piyawut.registration.UserControllerTest]
22:49:03.640 [main] DEBUG org.springframework.test.context.BootstrapUtils - Instantiating CacheAwareContextLoaderDelegate from class [org.springframework.test.context.cache.DefaultCacheAwareContextLoaderDelegate]
22:49:03.641 [main] DEBUG org.springframework.test.context.BootstrapUtils - Instantiating BootstrapContext using constructor [public org.springframework.test.context.support.DefaultBootstrapContext(java.lang.Class,org.springframework.test.context.CacheAwareContextLoaderDelegate)]
22:49:03.642 [main] DEBUG org.springframework.test.context.BootstrapUtils - Instantiating TestContextBootstrapper for test class [com.job.piyawut.registration.UserControllerTest] from class [org.springframework.boot.test.autoconfigure.web.servlet.WebMvcTestContextBootstrapper]
22:49:03.643 [main] INFO org.springframework.boot.test.autoconfigure.web.servlet.WebMvcTestContextBootstrapper - Neither @ContextConfiguration nor @ContextHierarchy found for test class [com.job.piyawut.registration.UserControllerTest], using SpringBootContextLoader
22:49:03.644 [main] DEBUG org.springframework.test.context.support.AbstractContextLoader - Did not detect default resource location for test class [com.job.piyawut.registration.UserControllerTest]: class path resource [com/job/piyawut/registration/UserControllerTest-context.xml] does not exist
22:49:03.645 [main] DEBUG org.springframework.test.context.support.AbstractContextLoader - Did not detect default resource location for test class [com.job.piyawut.registration.UserControllerTest]: class path resource [com/job/piyawut/registration/UserControllerTestContext.groovy] does not exist
22:49:03.645 [main] INFO org.springframework.test.context.support.AbstractContextLoader - Could not detect default resource locations for test class [com.job.piyawut.registration.UserControllerTest]: no resource found for suffixes {-context.xml, Context.groovy}.
22:49:03.646 [main] INFO org.springframework.test.context.support.AnnotationConfigContextLoaderUtils - Could not detect default configuration classes for test class [com.job.piyawut.registration.UserControllerTest]: UserControllerTest does not declare any static, non-private, non-final, nested classes annotated with @Configuration.
22:49:03.676 [main] DEBUG org.springframework.test.context.support.ActiveProfilesUtils - Could not find an 'annotation declaring class' for annotation type [org.springframework.test.context.ActiveProfiles] and class [com.job.piyawut.registration.UserControllerTest]
22:49:03.677 [main] DEBUG org.springframework.core.env.StandardEnvironment - Adding PropertySource 'systemProperties' with lowest search precedence
22:49:03.678 [main] DEBUG org.springframework.core.env.StandardEnvironment - Adding PropertySource 'systemEnvironment' with lowest search precedence
22:49:03.684 [main] DEBUG org.springframework.core.env.StandardEnvironment - Initialized StandardEnvironment with PropertySources [MapPropertySource@156856360 {name='systemProperties', properties={java.runtime.name=Java(TM) SE Runtime Environment, sun.boot.library.path=/Library/Java/JavaVirtualMachines/jdk1.8.0_111.jdk/Contents/Home/jre/lib, java.vm.version=25.111-b14, gopherProxySet=false, java.vm.vendor=Oracle Corporation, java.vendor.url=http://java.oracle.com/, path.separator=:, java.vm.name=Java HotSpot(TM) 64-Bit Server VM, file.encoding.pkg=sun.io, user.country=US, sun.java.launcher=SUN_STANDARD, sun.os.patch.level=unknown, java.vm.specification.name=Java Virtual Machine Specification, user.dir=/Users/Jocobo/NetBeansProjects/registration-service, java.runtime.version=1.8.0_111-b14, basedir=/Users/Jocobo/NetBeansProjects/registration-service, java.awt.graphicsenv=sun.awt.CGraphicsEnvironment, java.endorsed.dirs=/Library/Java/JavaVirtualMachines/jdk1.8.0_111.jdk/Contents/Home/jre/lib/endorsed, os.arch=x86_64, surefire.real.class.path=/Users/Jocobo/NetBeansProjects/registration-service/target/surefire/surefirebooter6155047621129083745.jar, java.io.tmpdir=/var/folders/ct/rd8w99ns4ws5yhfncwmpsfcc0000gn/T/, line.separator=
, java.vm.specification.vendor=Oracle Corporation, os.name=Mac OS X, maven.ext.class.path=/Applications/NetBeans/NetBeans 8.2.app/Contents/Resources/NetBeans/java/maven-nblib/netbeans-eventspy.jar, sun.jnu.encoding=UTF-8, java.library.path=/Users/Jocobo/Library/Java/Extensions:/Library/Java/Extensions:/Network/Library/Java/Extensions:/System/Library/Java/Extensions:/usr/lib/java:., surefire.test.class.path=/Users/Jocobo/NetBeansProjects/registration-service/target/test-classes:/Users/Jocobo/NetBeansProjects/registration-service/target/classes:/Users/Jocobo/.m2/repository/org/springframework/boot/spring-boot-starter-data-jpa/1.5.10.RELEASE/spring-boot-starter-data-jpa-1.5.10.RELEASE.jar:/Users/Jocobo/.m2/repository/org/springframework/boot/spring-boot-starter/1.5.10.RELEASE/spring-boot-starter-1.5.10.RELEASE.jar:/Users/Jocobo/.m2/repository/org/springframework/boot/spring-boot-starter-logging/1.5.10.RELEASE/spring-boot-starter-logging-1.5.10.RELEASE.jar:/Users/Jocobo/.m2/repository/ch/qos/logback/logback-classic/1.1.11/logback-classic-1.1.11.jar:/Users/Jocobo/.m2/repository/ch/qos/logback/logback-core/1.1.11/logback-core-1.1.11.jar:/Users/Jocobo/.m2/repository/org/slf4j/jul-to-slf4j/1.7.25/jul-to-slf4j-1.7.25.jar:/Users/Jocobo/.m2/repository/org/slf4j/log4j-over-slf4j/1.7.25/log4j-over-slf4j-1.7.25.jar:/Users/Jocobo/.m2/repository/org/yaml/snakeyaml/1.17/snakeyaml-1.17.jar:/Users/Jocobo/.m2/repository/org/springframework/boot/spring-boot-starter-aop/1.5.10.RELEASE/spring-boot-starter-aop-1.5.10.RELEASE.jar:/Users/Jocobo/.m2/repository/org/aspectj/aspectjweaver/1.8.13/aspectjweaver-1.8.13.jar:/Users/Jocobo/.m2/repository/org/springframework/boot/spring-boot-starter-jdbc/1.5.10.RELEASE/spring-boot-starter-jdbc-1.5.10.RELEASE.jar:/Users/Jocobo/.m2/repository/org/apache/tomcat/tomcat-jdbc/8.5.27/tomcat-jdbc-8.5.27.jar:/Users/Jocobo/.m2/repository/org/apache/tomcat/tomcat-juli/8.5.27/tomcat-juli-8.5.27.jar:/Users/Jocobo/.m2/repository/org/springframework/spring-jdbc/4.3.14.RELEASE/spring-jdbc-4.3.14.RELEASE.jar:/Users/Jocobo/.m2/repository/org/hibernate/hibernate-core/5.0.12.Final/hibernate-core-5.0.12.Final.jar:/Users/Jocobo/.m2/repository/org/jboss/logging/jboss-logging/3.3.1.Final/jboss-logging-3.3.1.Final.jar:/Users/Jocobo/.m2/repository/org/hibernate/javax/persistence/hibernate-jpa-2.1-api/1.0.0.Final/hibernate-jpa-2.1-api-1.0.0.Final.jar:/Users/Jocobo/.m2/repository/org/javassist/javassist/3.21.0-GA/javassist-3.21.0-GA.jar:/Users/Jocobo/.m2/repository/antlr/antlr/2.7.7/antlr-2.7.7.jar:/Users/Jocobo/.m2/repository/org/jboss/jandex/2.0.0.Final/jandex-2.0.0.Final.jar:/Users/Jocobo/.m2/repository/dom4j/dom4j/1.6.1/dom4j-1.6.1.jar:/Users/Jocobo/.m2/repository/org/hibernate/common/hibernate-commons-annotations/5.0.1.Final/hibernate-commons-annotations-5.0.1.Final.jar:/Users/Jocobo/.m2/repository/org/hibernate/hibernate-entitymanager/5.0.12.Final/hibernate-entitymanager-5.0.12.Final.jar:/Users/Jocobo/.m2/repository/javax/transaction/javax.transaction-api/1.2/javax.transaction-api-1.2.jar:/Users/Jocobo/.m2/repository/org/springframework/data/spring-data-jpa/1.11.10.RELEASE/spring-data-jpa-1.11.10.RELEASE.jar:/Users/Jocobo/.m2/repository/org/springframework/data/spring-data-commons/1.13.10.RELEASE/spring-data-commons-1.13.10.RELEASE.jar:/Users/Jocobo/.m2/repository/org/springframework/spring-orm/4.3.14.RELEASE/spring-orm-4.3.14.RELEASE.jar:/Users/Jocobo/.m2/repository/org/springframework/spring-tx/4.3.14.RELEASE/spring-tx-4.3.14.RELEASE.jar:/Users/Jocobo/.m2/repository/org/slf4j/slf4j-api/1.7.25/slf4j-api-1.7.25.jar:/Users/Jocobo/.m2/repository/org/slf4j/jcl-over-slf4j/1.7.25/jcl-over-slf4j-1.7.25.jar:/Users/Jocobo/.m2/repository/org/springframework/spring-aspects/4.3.14.RELEASE/spring-aspects-4.3.14.RELEASE.jar:/Users/Jocobo/.m2/repository/org/springframework/boot/spring-boot-starter-security/1.5.10.RELEASE/spring-boot-starter-security-1.5.10.RELEASE.jar:/Users/Jocobo/.m2/repository/org/springframework/spring-aop/4.3.14.RELEASE/spring-aop-4.3.14.RELEASE.jar:/Users/Jocobo/.m2/repository/org/springframework/security/spring-security-config/4.2.4.RELEASE/spring-security-config-4.2.4.RELEASE.jar:/Users/Jocobo/.m2/repository/org/springframework/security/spring-security-web/4.2.4.RELEASE/spring-security-web-4.2.4.RELEASE.jar:/Users/Jocobo/.m2/repository/org/springframework/spring-expression/4.3.14.RELEASE/spring-expression-4.3.14.RELEASE.jar:/Users/Jocobo/.m2/repository/org/springframework/boot/spring-boot-starter-web/1.5.10.RELEASE/spring-boot-starter-web-1.5.10.RELEASE.jar:/Users/Jocobo/.m2/repository/org/springframework/boot/spring-boot-starter-tomcat/1.5.10.RELEASE/spring-boot-starter-tomcat-1.5.10.RELEASE.jar:/Users/Jocobo/.m2/repository/org/apache/tomcat/embed/tomcat-embed-core/8.5.27/tomcat-embed-core-8.5.27.jar:/Users/Jocobo/.m2/repository/org/apache/tomcat/tomcat-annotations-api/8.5.27/tomcat-annotations-api-8.5.27.jar:/Users/Jocobo/.m2/repository/org/apache/tomcat/embed/tomcat-embed-el/8.5.27/tomcat-embed-el-8.5.27.jar:/Users/Jocobo/.m2/repository/org/apache/tomcat/embed/tomcat-embed-websocket/8.5.27/tomcat-embed-websocket-8.5.27.jar:/Users/Jocobo/.m2/repository/org/hibernate/hibernate-validator/5.3.6.Final/hibernate-validator-5.3.6.Final.jar:/Users/Jocobo/.m2/repository/javax/validation/validation-api/1.1.0.Final/validation-api-1.1.0.Final.jar:/Users/Jocobo/.m2/repository/com/fasterxml/classmate/1.3.4/classmate-1.3.4.jar:/Users/Jocobo/.m2/repository/com/fasterxml/jackson/core/jackson-databind/2.8.10/jackson-databind-2.8.10.jar:/Users/Jocobo/.m2/repository/com/fasterxml/jackson/core/jackson-annotations/2.8.0/jackson-annotations-2.8.0.jar:/Users/Jocobo/.m2/repository/com/fasterxml/jackson/core/jackson-core/2.8.10/jackson-core-2.8.10.jar:/Users/Jocobo/.m2/repository/org/springframework/spring-web/4.3.14.RELEASE/spring-web-4.3.14.RELEASE.jar:/Users/Jocobo/.m2/repository/org/springframework/spring-webmvc/4.3.14.RELEASE/spring-webmvc-4.3.14.RELEASE.jar:/Users/Jocobo/.m2/repository/org/springframework/security/oauth/spring-security-oauth2/2.0.14.RELEASE/spring-security-oauth2-2.0.14.RELEASE.jar:/Users/Jocobo/.m2/repository/org/springframework/spring-beans/4.3.14.RELEASE/spring-beans-4.3.14.RELEASE.jar:/Users/Jocobo/.m2/repository/org/springframework/spring-core/4.3.14.RELEASE/spring-core-4.3.14.RELEASE.jar:/Users/Jocobo/.m2/repository/org/springframework/spring-context/4.3.14.RELEASE/spring-context-4.3.14.RELEASE.jar:/Users/Jocobo/.m2/repository/org/springframework/security/spring-security-core/4.2.4.RELEASE/spring-security-core-4.2.4.RELEASE.jar:/Users/Jocobo/.m2/repository/aopalliance/aopalliance/1.0/aopalliance-1.0.jar:/Users/Jocobo/.m2/repository/commons-codec/commons-codec/1.10/commons-codec-1.10.jar:/Users/Jocobo/.m2/repository/org/codehaus/jackson/jackson-mapper-asl/1.9.13/jackson-mapper-asl-1.9.13.jar:/Users/Jocobo/.m2/repository/org/codehaus/jackson/jackson-core-asl/1.9.13/jackson-core-asl-1.9.13.jar:/Users/Jocobo/.m2/repository/org/springframework/security/spring-security-jwt/1.0.9.RELEASE/spring-security-jwt-1.0.9.RELEASE.jar:/Users/Jocobo/.m2/repository/org/bouncycastle/bcpkix-jdk15on/1.56/bcpkix-jdk15on-1.56.jar:/Users/Jocobo/.m2/repository/org/bouncycastle/bcprov-jdk15on/1.56/bcprov-jdk15on-1.56.jar:/Users/Jocobo/.m2/repository/org/springframework/boot/spring-boot-devtools/1.5.10.RELEASE/spring-boot-devtools-1.5.10.RELEASE.jar:/Users/Jocobo/.m2/repository/org/springframework/boot/spring-boot/1.5.10.RELEASE/spring-boot-1.5.10.RELEASE.jar:/Users/Jocobo/.m2/repository/org/springframework/boot/spring-boot-autoconfigure/1.5.10.RELEASE/spring-boot-autoconfigure-1.5.10.RELEASE.jar:/Users/Jocobo/.m2/repository/com/h2database/h2/1.4.196/h2-1.4.196.jar:/Users/Jocobo/.m2/repository/org/projectlombok/lombok/1.16.20/lombok-1.16.20.jar:/Users/Jocobo/.m2/repository/org/springframework/boot/spring-boot-starter-test/1.5.10.RELEASE/spring-boot-starter-test-1.5.10.RELEASE.jar:/Users/Jocobo/.m2/repository/org/springframework/boot/spring-boot-test/1.5.10.RELEASE/spring-boot-test-1.5.10.RELEASE.jar:/Users/Jocobo/.m2/repository/org/springframework/boot/spring-boot-test-autoconfigure/1.5.10.RELEASE/spring-boot-test-autoconfigure-1.5.10.RELEASE.jar:/Users/Jocobo/.m2/repository/com/jayway/jsonpath/json-path/2.2.0/json-path-2.2.0.jar:/Users/Jocobo/.m2/repository/net/minidev/json-smart/2.2.1/json-smart-2.2.1.jar:/Users/Jocobo/.m2/repository/net/minidev/accessors-smart/1.1/accessors-smart-1.1.jar:/Users/Jocobo/.m2/repository/org/ow2/asm/asm/5.0.3/asm-5.0.3.jar:/Users/Jocobo/.m2/repository/junit/junit/4.12/junit-4.12.jar:/Users/Jocobo/.m2/repository/org/assertj/assertj-core/2.6.0/assertj-core-2.6.0.jar:/Users/Jocobo/.m2/repository/org/hamcrest/hamcrest-core/1.3/hamcrest-core-1.3.jar:/Users/Jocobo/.m2/repository/org/hamcrest/hamcrest-library/1.3/hamcrest-library-1.3.jar:/Users/Jocobo/.m2/repository/org/skyscreamer/jsonassert/1.4.0/jsonassert-1.4.0.jar:/Users/Jocobo/.m2/repository/com/vaadin/external/google/android-json/0.0.20131108.vaadin1/android-json-0.0.20131108.vaadin1.jar:/Users/Jocobo/.m2/repository/org/springframework/spring-test/4.3.14.RELEASE/spring-test-4.3.14.RELEASE.jar:/Users/Jocobo/.m2/repository/org/springframework/security/spring-security-test/4.2.4.RELEASE/spring-security-test-4.2.4.RELEASE.jar:/Users/Jocobo/.m2/repository/org/mockito/mockito-core/1.10.19/mockito-core-1.10.19.jar:/Users/Jocobo/.m2/repository/org/objenesis/objenesis/2.1/objenesis-2.1.jar:, java.specification.name=Java Platform API Specification, java.class.version=52.0, sun.management.compiler=HotSpot 64-Bit Tiered Compilers, os.version=10.13.4, http.nonProxyHosts=local|*.local|169.254/16|*.169.254/16, user.home=/Users/Jocobo, user.timezone=Asia/Bangkok, java.awt.printerjob=sun.lwawt.macosx.CPrinterJob, file.encoding=UTF-8, java.specification.version=1.8, java.class.path=/Users/Jocobo/NetBeansProjects/registration-service/target/test-classes:/Users/Jocobo/NetBeansProjects/registration-service/target/classes:/Users/Jocobo/.m2/repository/org/springframework/boot/spring-boot-starter-data-jpa/1.5.10.RELEASE/spring-boot-starter-data-jpa-1.5.10.RELEASE.jar:/Users/Jocobo/.m2/repository/org/springframework/boot/spring-boot-starter/1.5.10.RELEASE/spring-boot-starter-1.5.10.RELEASE.jar:/Users/Jocobo/.m2/repository/org/springframework/boot/spring-boot-starter-logging/1.5.10.RELEASE/spring-boot-starter-logging-1.5.10.RELEASE.jar:/Users/Jocobo/.m2/repository/ch/qos/logback/logback-classic/1.1.11/logback-classic-1.1.11.jar:/Users/Jocobo/.m2/repository/ch/qos/logback/logback-core/1.1.11/logback-core-1.1.11.jar:/Users/Jocobo/.m2/repository/org/slf4j/jul-to-slf4j/1.7.25/jul-to-slf4j-1.7.25.jar:/Users/Jocobo/.m2/repository/org/slf4j/log4j-over-slf4j/1.7.25/log4j-over-slf4j-1.7.25.jar:/Users/Jocobo/.m2/repository/org/yaml/snakeyaml/1.17/snakeyaml-1.17.jar:/Users/Jocobo/.m2/repository/org/springframework/boot/spring-boot-starter-aop/1.5.10.RELEASE/spring-boot-starter-aop-1.5.10.RELEASE.jar:/Users/Jocobo/.m2/repository/org/aspectj/aspectjweaver/1.8.13/aspectjweaver-1.8.13.jar:/Users/Jocobo/.m2/repository/org/springframework/boot/spring-boot-starter-jdbc/1.5.10.RELEASE/spring-boot-starter-jdbc-1.5.10.RELEASE.jar:/Users/Jocobo/.m2/repository/org/apache/tomcat/tomcat-jdbc/8.5.27/tomcat-jdbc-8.5.27.jar:/Users/Jocobo/.m2/repository/org/apache/tomcat/tomcat-juli/8.5.27/tomcat-juli-8.5.27.jar:/Users/Jocobo/.m2/repository/org/springframework/spring-jdbc/4.3.14.RELEASE/spring-jdbc-4.3.14.RELEASE.jar:/Users/Jocobo/.m2/repository/org/hibernate/hibernate-core/5.0.12.Final/hibernate-core-5.0.12.Final.jar:/Users/Jocobo/.m2/repository/org/jboss/logging/jboss-logging/3.3.1.Final/jboss-logging-3.3.1.Final.jar:/Users/Jocobo/.m2/repository/org/hibernate/javax/persistence/hibernate-jpa-2.1-api/1.0.0.Final/hibernate-jpa-2.1-api-1.0.0.Final.jar:/Users/Jocobo/.m2/repository/org/javassist/javassist/3.21.0-GA/javassist-3.21.0-GA.jar:/Users/Jocobo/.m2/repository/antlr/antlr/2.7.7/antlr-2.7.7.jar:/Users/Jocobo/.m2/repository/org/jboss/jandex/2.0.0.Final/jandex-2.0.0.Final.jar:/Users/Jocobo/.m2/repository/dom4j/dom4j/1.6.1/dom4j-1.6.1.jar:/Users/Jocobo/.m2/repository/org/hibernate/common/hibernate-commons-annotations/5.0.1.Final/hibernate-commons-annotations-5.0.1.Final.jar:/Users/Jocobo/.m2/repository/org/hibernate/hibernate-entitymanager/5.0.12.Final/hibernate-entitymanager-5.0.12.Final.jar:/Users/Jocobo/.m2/repository/javax/transaction/javax.transaction-api/1.2/javax.transaction-api-1.2.jar:/Users/Jocobo/.m2/repository/org/springframework/data/spring-data-jpa/1.11.10.RELEASE/spring-data-jpa-1.11.10.RELEASE.jar:/Users/Jocobo/.m2/repository/org/springframework/data/spring-data-commons/1.13.10.RELEASE/spring-data-commons-1.13.10.RELEASE.jar:/Users/Jocobo/.m2/repository/org/springframework/spring-orm/4.3.14.RELEASE/spring-orm-4.3.14.RELEASE.jar:/Users/Jocobo/.m2/repository/org/springframework/spring-tx/4.3.14.RELEASE/spring-tx-4.3.14.RELEASE.jar:/Users/Jocobo/.m2/repository/org/slf4j/slf4j-api/1.7.25/slf4j-api-1.7.25.jar:/Users/Jocobo/.m2/repository/org/slf4j/jcl-over-slf4j/1.7.25/jcl-over-slf4j-1.7.25.jar:/Users/Jocobo/.m2/repository/org/springframework/spring-aspects/4.3.14.RELEASE/spring-aspects-4.3.14.RELEASE.jar:/Users/Jocobo/.m2/repository/org/springframework/boot/spring-boot-starter-security/1.5.10.RELEASE/spring-boot-starter-security-1.5.10.RELEASE.jar:/Users/Jocobo/.m2/repository/org/springframework/spring-aop/4.3.14.RELEASE/spring-aop-4.3.14.RELEASE.jar:/Users/Jocobo/.m2/repository/org/springframework/security/spring-security-config/4.2.4.RELEASE/spring-security-config-4.2.4.RELEASE.jar:/Users/Jocobo/.m2/repository/org/springframework/security/spring-security-web/4.2.4.RELEASE/spring-security-web-4.2.4.RELEASE.jar:/Users/Jocobo/.m2/repository/org/springframework/spring-expression/4.3.14.RELEASE/spring-expression-4.3.14.RELEASE.jar:/Users/Jocobo/.m2/repository/org/springframework/boot/spring-boot-starter-web/1.5.10.RELEASE/spring-boot-starter-web-1.5.10.RELEASE.jar:/Users/Jocobo/.m2/repository/org/springframework/boot/spring-boot-starter-tomcat/1.5.10.RELEASE/spring-boot-starter-tomcat-1.5.10.RELEASE.jar:/Users/Jocobo/.m2/repository/org/apache/tomcat/embed/tomcat-embed-core/8.5.27/tomcat-embed-core-8.5.27.jar:/Users/Jocobo/.m2/repository/org/apache/tomcat/tomcat-annotations-api/8.5.27/tomcat-annotations-api-8.5.27.jar:/Users/Jocobo/.m2/repository/org/apache/tomcat/embed/tomcat-embed-el/8.5.27/tomcat-embed-el-8.5.27.jar:/Users/Jocobo/.m2/repository/org/apache/tomcat/embed/tomcat-embed-websocket/8.5.27/tomcat-embed-websocket-8.5.27.jar:/Users/Jocobo/.m2/repository/org/hibernate/hibernate-validator/5.3.6.Final/hibernate-validator-5.3.6.Final.jar:/Users/Jocobo/.m2/repository/javax/validation/validation-api/1.1.0.Final/validation-api-1.1.0.Final.jar:/Users/Jocobo/.m2/repository/com/fasterxml/classmate/1.3.4/classmate-1.3.4.jar:/Users/Jocobo/.m2/repository/com/fasterxml/jackson/core/jackson-databind/2.8.10/jackson-databind-2.8.10.jar:/Users/Jocobo/.m2/repository/com/fasterxml/jackson/core/jackson-annotations/2.8.0/jackson-annotations-2.8.0.jar:/Users/Jocobo/.m2/repository/com/fasterxml/jackson/core/jackson-core/2.8.10/jackson-core-2.8.10.jar:/Users/Jocobo/.m2/repository/org/springframework/spring-web/4.3.14.RELEASE/spring-web-4.3.14.RELEASE.jar:/Users/Jocobo/.m2/repository/org/springframework/spring-webmvc/4.3.14.RELEASE/spring-webmvc-4.3.14.RELEASE.jar:/Users/Jocobo/.m2/repository/org/springframework/security/oauth/spring-security-oauth2/2.0.14.RELEASE/spring-security-oauth2-2.0.14.RELEASE.jar:/Users/Jocobo/.m2/repository/org/springframework/spring-beans/4.3.14.RELEASE/spring-beans-4.3.14.RELEASE.jar:/Users/Jocobo/.m2/repository/org/springframework/spring-core/4.3.14.RELEASE/spring-core-4.3.14.RELEASE.jar:/Users/Jocobo/.m2/repository/org/springframework/spring-context/4.3.14.RELEASE/spring-context-4.3.14.RELEASE.jar:/Users/Jocobo/.m2/repository/org/springframework/security/spring-security-core/4.2.4.RELEASE/spring-security-core-4.2.4.RELEASE.jar:/Users/Jocobo/.m2/repository/aopalliance/aopalliance/1.0/aopalliance-1.0.jar:/Users/Jocobo/.m2/repository/commons-codec/commons-codec/1.10/commons-codec-1.10.jar:/Users/Jocobo/.m2/repository/org/codehaus/jackson/jackson-mapper-asl/1.9.13/jackson-mapper-asl-1.9.13.jar:/Users/Jocobo/.m2/repository/org/codehaus/jackson/jackson-core-asl/1.9.13/jackson-core-asl-1.9.13.jar:/Users/Jocobo/.m2/repository/org/springframework/security/spring-security-jwt/1.0.9.RELEASE/spring-security-jwt-1.0.9.RELEASE.jar:/Users/Jocobo/.m2/repository/org/bouncycastle/bcpkix-jdk15on/1.56/bcpkix-jdk15on-1.56.jar:/Users/Jocobo/.m2/repository/org/bouncycastle/bcprov-jdk15on/1.56/bcprov-jdk15on-1.56.jar:/Users/Jocobo/.m2/repository/org/springframework/boot/spring-boot-devtools/1.5.10.RELEASE/spring-boot-devtools-1.5.10.RELEASE.jar:/Users/Jocobo/.m2/repository/org/springframework/boot/spring-boot/1.5.10.RELEASE/spring-boot-1.5.10.RELEASE.jar:/Users/Jocobo/.m2/repository/org/springframework/boot/spring-boot-autoconfigure/1.5.10.RELEASE/spring-boot-autoconfigure-1.5.10.RELEASE.jar:/Users/Jocobo/.m2/repository/com/h2database/h2/1.4.196/h2-1.4.196.jar:/Users/Jocobo/.m2/repository/org/projectlombok/lombok/1.16.20/lombok-1.16.20.jar:/Users/Jocobo/.m2/repository/org/springframework/boot/spring-boot-starter-test/1.5.10.RELEASE/spring-boot-starter-test-1.5.10.RELEASE.jar:/Users/Jocobo/.m2/repository/org/springframework/boot/spring-boot-test/1.5.10.RELEASE/spring-boot-test-1.5.10.RELEASE.jar:/Users/Jocobo/.m2/repository/org/springframework/boot/spring-boot-test-autoconfigure/1.5.10.RELEASE/spring-boot-test-autoconfigure-1.5.10.RELEASE.jar:/Users/Jocobo/.m2/repository/com/jayway/jsonpath/json-path/2.2.0/json-path-2.2.0.jar:/Users/Jocobo/.m2/repository/net/minidev/json-smart/2.2.1/json-smart-2.2.1.jar:/Users/Jocobo/.m2/repository/net/minidev/accessors-smart/1.1/accessors-smart-1.1.jar:/Users/Jocobo/.m2/repository/org/ow2/asm/asm/5.0.3/asm-5.0.3.jar:/Users/Jocobo/.m2/repository/junit/junit/4.12/junit-4.12.jar:/Users/Jocobo/.m2/repository/org/assertj/assertj-core/2.6.0/assertj-core-2.6.0.jar:/Users/Jocobo/.m2/repository/org/hamcrest/hamcrest-core/1.3/hamcrest-core-1.3.jar:/Users/Jocobo/.m2/repository/org/hamcrest/hamcrest-library/1.3/hamcrest-library-1.3.jar:/Users/Jocobo/.m2/repository/org/skyscreamer/jsonassert/1.4.0/jsonassert-1.4.0.jar:/Users/Jocobo/.m2/repository/com/vaadin/external/google/android-json/0.0.20131108.vaadin1/android-json-0.0.20131108.vaadin1.jar:/Users/Jocobo/.m2/repository/org/springframework/spring-test/4.3.14.RELEASE/spring-test-4.3.14.RELEASE.jar:/Users/Jocobo/.m2/repository/org/springframework/security/spring-security-test/4.2.4.RELEASE/spring-security-test-4.2.4.RELEASE.jar:/Users/Jocobo/.m2/repository/org/mockito/mockito-core/1.10.19/mockito-core-1.10.19.jar:/Users/Jocobo/.m2/repository/org/objenesis/objenesis/2.1/objenesis-2.1.jar:, user.name=cpiyawut, java.vm.specification.version=1.8, sun.java.command=/Users/Jocobo/NetBeansProjects/registration-service/target/surefire/surefirebooter6155047621129083745.jar /Users/Jocobo/NetBeansProjects/registration-service/target/surefire/surefire8172418338490113599tmp /Users/Jocobo/NetBeansProjects/registration-service/target/surefire/surefire_08233755706079792376tmp, java.home=/Library/Java/JavaVirtualMachines/jdk1.8.0_111.jdk/Contents/Home/jre, sun.arch.data.model=64, user.language=en, java.specification.vendor=Oracle Corporation, awt.toolkit=sun.lwawt.macosx.LWCToolkit, java.vm.info=mixed mode, java.version=1.8.0_111, java.ext.dirs=/Users/Jocobo/Library/Java/Extensions:/Library/Java/JavaVirtualMachines/jdk1.8.0_111.jdk/Contents/Home/jre/lib/ext:/Library/Java/Extensions:/Network/Library/Java/Extensions:/System/Library/Java/Extensions:/usr/lib/java, sun.boot.class.path=/Library/Java/JavaVirtualMachines/jdk1.8.0_111.jdk/Contents/Home/jre/lib/resources.jar:/Library/Java/JavaVirtualMachines/jdk1.8.0_111.jdk/Contents/Home/jre/lib/rt.jar:/Library/Java/JavaVirtualMachines/jdk1.8.0_111.jdk/Contents/Home/jre/lib/sunrsasign.jar:/Library/Java/JavaVirtualMachines/jdk1.8.0_111.jdk/Contents/Home/jre/lib/jsse.jar:/Library/Java/JavaVirtualMachines/jdk1.8.0_111.jdk/Contents/Home/jre/lib/jce.jar:/Library/Java/JavaVirtualMachines/jdk1.8.0_111.jdk/Contents/Home/jre/lib/charsets.jar:/Library/Java/JavaVirtualMachines/jdk1.8.0_111.jdk/Contents/Home/jre/lib/jfr.jar:/Library/Java/JavaVirtualMachines/jdk1.8.0_111.jdk/Contents/Home/jre/classes, java.vendor=Oracle Corporation, localRepository=/Users/Jocobo/.m2/repository, file.separator=/, java.vendor.url.bug=http://bugreport.sun.com/bugreport/, sun.io.unicode.encoding=UnicodeBig, sun.cpu.endian=little, socksNonProxyHosts=local|*.local|169.254/16|*.169.254/16, ftp.nonProxyHosts=local|*.local|169.254/16|*.169.254/16, sun.cpu.isalist=}}, SystemEnvironmentPropertySource@1617550160 {name='systemEnvironment', properties={PATH=/usr/bin:/bin:/usr/sbin:/sbin, J2D_PIXMAPS=shared, JAVA_HOME=/Library/Java/JavaVirtualMachines/jdk1.8.0_111.jdk/Contents/Home, NB_EXEC_MAVEN_PROCESS_UUID=3d57158d-5467-47df-b8cd-0488d9fb5591, LOGNAME=cpiyawut, XPC_SERVICE_NAME=0, PWD=/Users/Jocobo/NetBeansProjects/registration-service, _=/Library/Java/JavaVirtualMachines/jdk1.8.0_111.jdk/Contents/Home/jre/bin/java, JAVA_MAIN_CLASS_4383=org.codehaus.plexus.classworlds.launcher.Launcher, APP_ICON_3536=/Applications/NetBeans/NetBeans 8.2.app/Contents/Resources/NetBeans/nb/netbeans.icns, APP_NAME_3536=NetBeans, SHELL=/bin/zsh, JAVA_MAIN_CLASS_4387=org.apache.maven.surefire.booter.ForkedBooter, OLDPWD=/Users/Jocobo/NetBeansProjects/registration-service, USER=cpiyawut, TMPDIR=/var/folders/ct/rd8w99ns4ws5yhfncwmpsfcc0000gn/T/, SSH_AUTH_SOCK=/private/tmp/com.apple.launchd.MAHqFtFZbZ/Listeners, XPC_FLAGS=0x0, M2_HOME=/Applications/NetBeans/NetBeans 8.2.app/Contents/Resources/NetBeans/java/maven, __CF_USER_TEXT_ENCODING=0x1F5:0x0:0x0, Apple_PubSub_Socket_Render=/private/tmp/com.apple.launchd.diK27S1KX0/Render, LC_CTYPE=UTF-8, HOME=/Users/Jocobo, SHLVL=2, JAVA_MAIN_CLASS_3536=org.netbeans.Main}}]
22:49:03.713 [main] INFO org.springframework.boot.test.context.SpringBootTestContextBootstrapper - Found @SpringBootConfiguration com.job.piyawut.registration.Application for test class com.job.piyawut.registration.UserControllerTest
22:49:03.747 [main] DEBUG org.springframework.boot.test.autoconfigure.web.servlet.WebMvcTestContextBootstrapper - @TestExecutionListeners is not present for class [com.job.piyawut.registration.UserControllerTest]: using defaults.
22:49:03.759 [main] INFO org.springframework.boot.test.autoconfigure.web.servlet.WebMvcTestContextBootstrapper - Loaded default TestExecutionListener class names from location [META-INF/spring.factories]: [org.springframework.boot.test.mock.mockito.MockitoTestExecutionListener, org.springframework.boot.test.mock.mockito.ResetMocksTestExecutionListener, org.springframework.boot.test.autoconfigure.restdocs.RestDocsTestExecutionListener, org.springframework.boot.test.autoconfigure.web.client.MockRestServiceServerResetTestExecutionListener, org.springframework.boot.test.autoconfigure.web.servlet.MockMvcPrintOnlyOnFailureTestExecutionListener, org.springframework.boot.test.autoconfigure.web.servlet.WebDriverTestExecutionListener, org.springframework.test.context.web.ServletTestExecutionListener, org.springframework.test.context.support.DirtiesContextBeforeModesTestExecutionListener, org.springframework.test.context.support.DependencyInjectionTestExecutionListener, org.springframework.test.context.support.DirtiesContextTestExecutionListener, org.springframework.test.context.transaction.TransactionalTestExecutionListener, org.springframework.test.context.jdbc.SqlScriptsTestExecutionListener, org.springframework.security.test.context.support.WithSecurityContextTestExecutionListener]
22:49:03.783 [main] INFO org.springframework.boot.test.autoconfigure.web.servlet.WebMvcTestContextBootstrapper - Using TestExecutionListeners: [org.springframework.test.context.web.ServletTestExecutionListener@47eaca72, org.springframework.test.context.support.DirtiesContextBeforeModesTestExecutionListener@55141def, org.springframework.boot.test.autoconfigure.SpringBootDependencyInjectionTestExecutionListener@55182842, org.springframework.test.context.support.DirtiesContextTestExecutionListener@3270d194, org.springframework.test.context.transaction.TransactionalTestExecutionListener@235834f2, org.springframework.test.context.jdbc.SqlScriptsTestExecutionListener@5656be13, org.springframework.security.test.context.support.WithSecurityContextTestExecutionListener@4218d6a3, org.springframework.boot.test.mock.mockito.MockitoTestExecutionListener@76505305, org.springframework.boot.test.mock.mockito.ResetMocksTestExecutionListener@14cd1699, org.springframework.boot.test.autoconfigure.restdocs.RestDocsTestExecutionListener@77888435, org.springframework.boot.test.autoconfigure.web.client.MockRestServiceServerResetTestExecutionListener@73a1e9a9, org.springframework.boot.test.autoconfigure.web.servlet.MockMvcPrintOnlyOnFailureTestExecutionListener@71d44a3, org.springframework.boot.test.autoconfigure.web.servlet.WebDriverTestExecutionListener@7b98f307]
22:49:03.783 [main] DEBUG org.springframework.test.annotation.ProfileValueUtils - Retrieved @ProfileValueSourceConfiguration [null] for test class [com.job.piyawut.registration.UserControllerTest]
22:49:03.784 [main] DEBUG org.springframework.test.annotation.ProfileValueUtils - Retrieved ProfileValueSource type [class org.springframework.test.annotation.SystemProfileValueSource] for class [com.job.piyawut.registration.UserControllerTest]
22:49:03.788 [main] DEBUG org.springframework.test.annotation.ProfileValueUtils - Retrieved @ProfileValueSourceConfiguration [null] for test class [com.job.piyawut.registration.UserControllerTest]
22:49:03.788 [main] DEBUG org.springframework.test.annotation.ProfileValueUtils - Retrieved ProfileValueSource type [class org.springframework.test.annotation.SystemProfileValueSource] for class [com.job.piyawut.registration.UserControllerTest]
22:49:03.794 [main] DEBUG org.springframework.test.context.support.AbstractDirtiesContextTestExecutionListener - Before test class: context [DefaultTestContext@3590fc5b testClass = UserControllerTest, testInstance = [null], testMethod = [null], testException = [null], mergedContextConfiguration = [WebMergedContextConfiguration@397fbdb testClass = UserControllerTest, locations = '{}', classes = '{class com.job.piyawut.registration.Application}', contextInitializerClasses = '[]', activeProfiles = '{}', propertySourceLocations = '{}', propertySourceProperties = '{org.springframework.boot.test.autoconfigure.web.servlet.WebMvcTestContextBootstrapper=true}', contextCustomizers = set[[ImportsContextCustomizer@33d512c1 key = [org.springframework.boot.autoconfigure.cache.CacheAutoConfiguration, org.springframework.boot.autoconfigure.context.MessageSourceAutoConfiguration, org.springframework.boot.autoconfigure.freemarker.FreeMarkerAutoConfiguration, org.springframework.boot.autoconfigure.groovy.template.GroovyTemplateAutoConfiguration, org.springframework.boot.autoconfigure.gson.GsonAutoConfiguration, org.springframework.boot.autoconfigure.hateoas.HypermediaAutoConfiguration, org.springframework.boot.autoconfigure.jackson.JacksonAutoConfiguration, org.springframework.boot.autoconfigure.mustache.MustacheAutoConfiguration, org.springframework.boot.autoconfigure.thymeleaf.ThymeleafAutoConfiguration, org.springframework.boot.autoconfigure.validation.ValidationAutoConfiguration, org.springframework.boot.autoconfigure.web.ErrorMvcAutoConfiguration, org.springframework.boot.autoconfigure.web.HttpMessageConvertersAutoConfiguration, org.springframework.boot.autoconfigure.web.ServerPropertiesAutoConfiguration, org.springframework.boot.autoconfigure.web.WebMvcAutoConfiguration, org.springframework.boot.test.autoconfigure.web.servlet.MockMvcAutoConfiguration, org.springframework.boot.test.autoconfigure.web.servlet.MockMvcSecurityAutoConfiguration, org.springframework.boot.test.autoconfigure.web.servlet.MockMvcWebClientAutoConfiguration, org.springframework.boot.test.autoconfigure.web.servlet.MockMvcWebDriverAutoConfiguration]], org.springframework.boot.test.context.filter.ExcludeFilterContextCustomizer@17695df3, org.springframework.boot.test.json.DuplicateJsonObjectContextCustomizerFactory$DuplicateJsonObjectContextCustomizer@76b10754, org.springframework.boot.test.mock.mockito.MockitoContextCustomizer@2b0afa94, org.springframework.boot.test.autoconfigure.OverrideAutoConfigurationContextCustomizerFactory$DisableAutoConfigurationContextCustomizer@282003e1, org.springframework.boot.test.autoconfigure.filter.TypeExcludeFiltersContextCustomizer@4c8abac3, org.springframework.boot.test.autoconfigure.properties.PropertyMappingContextCustomizer@f46ec57e, org.springframework.boot.test.autoconfigure.web.servlet.WebDriverContextCustomizerFactory$Customizer@3f200884], resourceBasePath = '', contextLoader = 'org.springframework.boot.test.context.SpringBootContextLoader', parent = [null]]], class annotated with @DirtiesContext [false] with mode [null].
22:49:03.795 [main] DEBUG org.springframework.test.annotation.ProfileValueUtils - Retrieved @ProfileValueSourceConfiguration [null] for test class [com.job.piyawut.registration.UserControllerTest]
22:49:03.795 [main] DEBUG org.springframework.test.annotation.ProfileValueUtils - Retrieved ProfileValueSource type [class org.springframework.test.annotation.SystemProfileValueSource] for class [com.job.piyawut.registration.UserControllerTest]
22:49:03.798 [main] DEBUG org.springframework.test.context.support.DependencyInjectionTestExecutionListener - Performing dependency injection for test context [[DefaultTestContext@3590fc5b testClass = UserControllerTest, testInstance = com.job.piyawut.registration.UserControllerTest@6771beb3, testMethod = [null], testException = [null], mergedContextConfiguration = [WebMergedContextConfiguration@397fbdb testClass = UserControllerTest, locations = '{}', classes = '{class com.job.piyawut.registration.Application}', contextInitializerClasses = '[]', activeProfiles = '{}', propertySourceLocations = '{}', propertySourceProperties = '{org.springframework.boot.test.autoconfigure.web.servlet.WebMvcTestContextBootstrapper=true}', contextCustomizers = set[[ImportsContextCustomizer@33d512c1 key = [org.springframework.boot.autoconfigure.cache.CacheAutoConfiguration, org.springframework.boot.autoconfigure.context.MessageSourceAutoConfiguration, org.springframework.boot.autoconfigure.freemarker.FreeMarkerAutoConfiguration, org.springframework.boot.autoconfigure.groovy.template.GroovyTemplateAutoConfiguration, org.springframework.boot.autoconfigure.gson.GsonAutoConfiguration, org.springframework.boot.autoconfigure.hateoas.HypermediaAutoConfiguration, org.springframework.boot.autoconfigure.jackson.JacksonAutoConfiguration, org.springframework.boot.autoconfigure.mustache.MustacheAutoConfiguration, org.springframework.boot.autoconfigure.thymeleaf.ThymeleafAutoConfiguration, org.springframework.boot.autoconfigure.validation.ValidationAutoConfiguration, org.springframework.boot.autoconfigure.web.ErrorMvcAutoConfiguration, org.springframework.boot.autoconfigure.web.HttpMessageConvertersAutoConfiguration, org.springframework.boot.autoconfigure.web.ServerPropertiesAutoConfiguration, org.springframework.boot.autoconfigure.web.WebMvcAutoConfiguration, org.springframework.boot.test.autoconfigure.web.servlet.MockMvcAutoConfiguration, org.springframework.boot.test.autoconfigure.web.servlet.MockMvcSecurityAutoConfiguration, org.springframework.boot.test.autoconfigure.web.servlet.MockMvcWebClientAutoConfiguration, org.springframework.boot.test.autoconfigure.web.servlet.MockMvcWebDriverAutoConfiguration]], org.springframework.boot.test.context.filter.ExcludeFilterContextCustomizer@17695df3, org.springframework.boot.test.json.DuplicateJsonObjectContextCustomizerFactory$DuplicateJsonObjectContextCustomizer@76b10754, org.springframework.boot.test.mock.mockito.MockitoContextCustomizer@2b0afa94, org.springframework.boot.test.autoconfigure.OverrideAutoConfigurationContextCustomizerFactory$DisableAutoConfigurationContextCustomizer@282003e1, org.springframework.boot.test.autoconfigure.filter.TypeExcludeFiltersContextCustomizer@4c8abac3, org.springframework.boot.test.autoconfigure.properties.PropertyMappingContextCustomizer@f46ec57e, org.springframework.boot.test.autoconfigure.web.servlet.WebDriverContextCustomizerFactory$Customizer@3f200884], resourceBasePath = '', contextLoader = 'org.springframework.boot.test.context.SpringBootContextLoader', parent = [null]]]].
22:49:03.934 [main] DEBUG org.springframework.core.env.StandardEnvironment - Adding PropertySource 'systemProperties' with lowest search precedence
22:49:03.934 [main] DEBUG org.springframework.core.env.StandardEnvironment - Adding PropertySource 'systemEnvironment' with lowest search precedence
22:49:03.936 [main] DEBUG org.springframework.core.env.StandardEnvironment - Initialized StandardEnvironment with PropertySources [MapPropertySource@355115154 {name='systemProperties', properties={java.runtime.name=Java(TM) SE Runtime Environment, sun.boot.library.path=/Library/Java/JavaVirtualMachines/jdk1.8.0_111.jdk/Contents/Home/jre/lib, java.vm.version=25.111-b14, gopherProxySet=false, java.vm.vendor=Oracle Corporation, java.vendor.url=http://java.oracle.com/, path.separator=:, java.vm.name=Java HotSpot(TM) 64-Bit Server VM, file.encoding.pkg=sun.io, user.country=US, sun.java.launcher=SUN_STANDARD, sun.os.patch.level=unknown, java.vm.specification.name=Java Virtual Machine Specification, user.dir=/Users/Jocobo/NetBeansProjects/registration-service, java.runtime.version=1.8.0_111-b14, basedir=/Users/Jocobo/NetBeansProjects/registration-service, java.awt.graphicsenv=sun.awt.CGraphicsEnvironment, java.endorsed.dirs=/Library/Java/JavaVirtualMachines/jdk1.8.0_111.jdk/Contents/Home/jre/lib/endorsed, os.arch=x86_64, surefire.real.class.path=/Users/Jocobo/NetBeansProjects/registration-service/target/surefire/surefirebooter6155047621129083745.jar, java.io.tmpdir=/var/folders/ct/rd8w99ns4ws5yhfncwmpsfcc0000gn/T/, line.separator=
, java.vm.specification.vendor=Oracle Corporation, os.name=Mac OS X, maven.ext.class.path=/Applications/NetBeans/NetBeans 8.2.app/Contents/Resources/NetBeans/java/maven-nblib/netbeans-eventspy.jar, sun.jnu.encoding=UTF-8, java.library.path=/Users/Jocobo/Library/Java/Extensions:/Library/Java/Extensions:/Network/Library/Java/Extensions:/System/Library/Java/Extensions:/usr/lib/java:., surefire.test.class.path=/Users/Jocobo/NetBeansProjects/registration-service/target/test-classes:/Users/Jocobo/NetBeansProjects/registration-service/target/classes:/Users/Jocobo/.m2/repository/org/springframework/boot/spring-boot-starter-data-jpa/1.5.10.RELEASE/spring-boot-starter-data-jpa-1.5.10.RELEASE.jar:/Users/Jocobo/.m2/repository/org/springframework/boot/spring-boot-starter/1.5.10.RELEASE/spring-boot-starter-1.5.10.RELEASE.jar:/Users/Jocobo/.m2/repository/org/springframework/boot/spring-boot-starter-logging/1.5.10.RELEASE/spring-boot-starter-logging-1.5.10.RELEASE.jar:/Users/Jocobo/.m2/repository/ch/qos/logback/logback-classic/1.1.11/logback-classic-1.1.11.jar:/Users/Jocobo/.m2/repository/ch/qos/logback/logback-core/1.1.11/logback-core-1.1.11.jar:/Users/Jocobo/.m2/repository/org/slf4j/jul-to-slf4j/1.7.25/jul-to-slf4j-1.7.25.jar:/Users/Jocobo/.m2/repository/org/slf4j/log4j-over-slf4j/1.7.25/log4j-over-slf4j-1.7.25.jar:/Users/Jocobo/.m2/repository/org/yaml/snakeyaml/1.17/snakeyaml-1.17.jar:/Users/Jocobo/.m2/repository/org/springframework/boot/spring-boot-starter-aop/1.5.10.RELEASE/spring-boot-starter-aop-1.5.10.RELEASE.jar:/Users/Jocobo/.m2/repository/org/aspectj/aspectjweaver/1.8.13/aspectjweaver-1.8.13.jar:/Users/Jocobo/.m2/repository/org/springframework/boot/spring-boot-starter-jdbc/1.5.10.RELEASE/spring-boot-starter-jdbc-1.5.10.RELEASE.jar:/Users/Jocobo/.m2/repository/org/apache/tomcat/tomcat-jdbc/8.5.27/tomcat-jdbc-8.5.27.jar:/Users/Jocobo/.m2/repository/org/apache/tomcat/tomcat-juli/8.5.27/tomcat-juli-8.5.27.jar:/Users/Jocobo/.m2/repository/org/springframework/spring-jdbc/4.3.14.RELEASE/spring-jdbc-4.3.14.RELEASE.jar:/Users/Jocobo/.m2/repository/org/hibernate/hibernate-core/5.0.12.Final/hibernate-core-5.0.12.Final.jar:/Users/Jocobo/.m2/repository/org/jboss/logging/jboss-logging/3.3.1.Final/jboss-logging-3.3.1.Final.jar:/Users/Jocobo/.m2/repository/org/hibernate/javax/persistence/hibernate-jpa-2.1-api/1.0.0.Final/hibernate-jpa-2.1-api-1.0.0.Final.jar:/Users/Jocobo/.m2/repository/org/javassist/javassist/3.21.0-GA/javassist-3.21.0-GA.jar:/Users/Jocobo/.m2/repository/antlr/antlr/2.7.7/antlr-2.7.7.jar:/Users/Jocobo/.m2/repository/org/jboss/jandex/2.0.0.Final/jandex-2.0.0.Final.jar:/Users/Jocobo/.m2/repository/dom4j/dom4j/1.6.1/dom4j-1.6.1.jar:/Users/Jocobo/.m2/repository/org/hibernate/common/hibernate-commons-annotations/5.0.1.Final/hibernate-commons-annotations-5.0.1.Final.jar:/Users/Jocobo/.m2/repository/org/hibernate/hibernate-entitymanager/5.0.12.Final/hibernate-entitymanager-5.0.12.Final.jar:/Users/Jocobo/.m2/repository/javax/transaction/javax.transaction-api/1.2/javax.transaction-api-1.2.jar:/Users/Jocobo/.m2/repository/org/springframework/data/spring-data-jpa/1.11.10.RELEASE/spring-data-jpa-1.11.10.RELEASE.jar:/Users/Jocobo/.m2/repository/org/springframework/data/spring-data-commons/1.13.10.RELEASE/spring-data-commons-1.13.10.RELEASE.jar:/Users/Jocobo/.m2/repository/org/springframework/spring-orm/4.3.14.RELEASE/spring-orm-4.3.14.RELEASE.jar:/Users/Jocobo/.m2/repository/org/springframework/spring-tx/4.3.14.RELEASE/spring-tx-4.3.14.RELEASE.jar:/Users/Jocobo/.m2/repository/org/slf4j/slf4j-api/1.7.25/slf4j-api-1.7.25.jar:/Users/Jocobo/.m2/repository/org/slf4j/jcl-over-slf4j/1.7.25/jcl-over-slf4j-1.7.25.jar:/Users/Jocobo/.m2/repository/org/springframework/spring-aspects/4.3.14.RELEASE/spring-aspects-4.3.14.RELEASE.jar:/Users/Jocobo/.m2/repository/org/springframework/boot/spring-boot-starter-security/1.5.10.RELEASE/spring-boot-starter-security-1.5.10.RELEASE.jar:/Users/Jocobo/.m2/repository/org/springframework/spring-aop/4.3.14.RELEASE/spring-aop-4.3.14.RELEASE.jar:/Users/Jocobo/.m2/repository/org/springframework/security/spring-security-config/4.2.4.RELEASE/spring-security-config-4.2.4.RELEASE.jar:/Users/Jocobo/.m2/repository/org/springframework/security/spring-security-web/4.2.4.RELEASE/spring-security-web-4.2.4.RELEASE.jar:/Users/Jocobo/.m2/repository/org/springframework/spring-expression/4.3.14.RELEASE/spring-expression-4.3.14.RELEASE.jar:/Users/Jocobo/.m2/repository/org/springframework/boot/spring-boot-starter-web/1.5.10.RELEASE/spring-boot-starter-web-1.5.10.RELEASE.jar:/Users/Jocobo/.m2/repository/org/springframework/boot/spring-boot-starter-tomcat/1.5.10.RELEASE/spring-boot-starter-tomcat-1.5.10.RELEASE.jar:/Users/Jocobo/.m2/repository/org/apache/tomcat/embed/tomcat-embed-core/8.5.27/tomcat-embed-core-8.5.27.jar:/Users/Jocobo/.m2/repository/org/apache/tomcat/tomcat-annotations-api/8.5.27/tomcat-annotations-api-8.5.27.jar:/Users/Jocobo/.m2/repository/org/apache/tomcat/embed/tomcat-embed-el/8.5.27/tomcat-embed-el-8.5.27.jar:/Users/Jocobo/.m2/repository/org/apache/tomcat/embed/tomcat-embed-websocket/8.5.27/tomcat-embed-websocket-8.5.27.jar:/Users/Jocobo/.m2/repository/org/hibernate/hibernate-validator/5.3.6.Final/hibernate-validator-5.3.6.Final.jar:/Users/Jocobo/.m2/repository/javax/validation/validation-api/1.1.0.Final/validation-api-1.1.0.Final.jar:/Users/Jocobo/.m2/repository/com/fasterxml/classmate/1.3.4/classmate-1.3.4.jar:/Users/Jocobo/.m2/repository/com/fasterxml/jackson/core/jackson-databind/2.8.10/jackson-databind-2.8.10.jar:/Users/Jocobo/.m2/repository/com/fasterxml/jackson/core/jackson-annotations/2.8.0/jackson-annotations-2.8.0.jar:/Users/Jocobo/.m2/repository/com/fasterxml/jackson/core/jackson-core/2.8.10/jackson-core-2.8.10.jar:/Users/Jocobo/.m2/repository/org/springframework/spring-web/4.3.14.RELEASE/spring-web-4.3.14.RELEASE.jar:/Users/Jocobo/.m2/repository/org/springframework/spring-webmvc/4.3.14.RELEASE/spring-webmvc-4.3.14.RELEASE.jar:/Users/Jocobo/.m2/repository/org/springframework/security/oauth/spring-security-oauth2/2.0.14.RELEASE/spring-security-oauth2-2.0.14.RELEASE.jar:/Users/Jocobo/.m2/repository/org/springframework/spring-beans/4.3.14.RELEASE/spring-beans-4.3.14.RELEASE.jar:/Users/Jocobo/.m2/repository/org/springframework/spring-core/4.3.14.RELEASE/spring-core-4.3.14.RELEASE.jar:/Users/Jocobo/.m2/repository/org/springframework/spring-context/4.3.14.RELEASE/spring-context-4.3.14.RELEASE.jar:/Users/Jocobo/.m2/repository/org/springframework/security/spring-security-core/4.2.4.RELEASE/spring-security-core-4.2.4.RELEASE.jar:/Users/Jocobo/.m2/repository/aopalliance/aopalliance/1.0/aopalliance-1.0.jar:/Users/Jocobo/.m2/repository/commons-codec/commons-codec/1.10/commons-codec-1.10.jar:/Users/Jocobo/.m2/repository/org/codehaus/jackson/jackson-mapper-asl/1.9.13/jackson-mapper-asl-1.9.13.jar:/Users/Jocobo/.m2/repository/org/codehaus/jackson/jackson-core-asl/1.9.13/jackson-core-asl-1.9.13.jar:/Users/Jocobo/.m2/repository/org/springframework/security/spring-security-jwt/1.0.9.RELEASE/spring-security-jwt-1.0.9.RELEASE.jar:/Users/Jocobo/.m2/repository/org/bouncycastle/bcpkix-jdk15on/1.56/bcpkix-jdk15on-1.56.jar:/Users/Jocobo/.m2/repository/org/bouncycastle/bcprov-jdk15on/1.56/bcprov-jdk15on-1.56.jar:/Users/Jocobo/.m2/repository/org/springframework/boot/spring-boot-devtools/1.5.10.RELEASE/spring-boot-devtools-1.5.10.RELEASE.jar:/Users/Jocobo/.m2/repository/org/springframework/boot/spring-boot/1.5.10.RELEASE/spring-boot-1.5.10.RELEASE.jar:/Users/Jocobo/.m2/repository/org/springframework/boot/spring-boot-autoconfigure/1.5.10.RELEASE/spring-boot-autoconfigure-1.5.10.RELEASE.jar:/Users/Jocobo/.m2/repository/com/h2database/h2/1.4.196/h2-1.4.196.jar:/Users/Jocobo/.m2/repository/org/projectlombok/lombok/1.16.20/lombok-1.16.20.jar:/Users/Jocobo/.m2/repository/org/springframework/boot/spring-boot-starter-test/1.5.10.RELEASE/spring-boot-starter-test-1.5.10.RELEASE.jar:/Users/Jocobo/.m2/repository/org/springframework/boot/spring-boot-test/1.5.10.RELEASE/spring-boot-test-1.5.10.RELEASE.jar:/Users/Jocobo/.m2/repository/org/springframework/boot/spring-boot-test-autoconfigure/1.5.10.RELEASE/spring-boot-test-autoconfigure-1.5.10.RELEASE.jar:/Users/Jocobo/.m2/repository/com/jayway/jsonpath/json-path/2.2.0/json-path-2.2.0.jar:/Users/Jocobo/.m2/repository/net/minidev/json-smart/2.2.1/json-smart-2.2.1.jar:/Users/Jocobo/.m2/repository/net/minidev/accessors-smart/1.1/accessors-smart-1.1.jar:/Users/Jocobo/.m2/repository/org/ow2/asm/asm/5.0.3/asm-5.0.3.jar:/Users/Jocobo/.m2/repository/junit/junit/4.12/junit-4.12.jar:/Users/Jocobo/.m2/repository/org/assertj/assertj-core/2.6.0/assertj-core-2.6.0.jar:/Users/Jocobo/.m2/repository/org/hamcrest/hamcrest-core/1.3/hamcrest-core-1.3.jar:/Users/Jocobo/.m2/repository/org/hamcrest/hamcrest-library/1.3/hamcrest-library-1.3.jar:/Users/Jocobo/.m2/repository/org/skyscreamer/jsonassert/1.4.0/jsonassert-1.4.0.jar:/Users/Jocobo/.m2/repository/com/vaadin/external/google/android-json/0.0.20131108.vaadin1/android-json-0.0.20131108.vaadin1.jar:/Users/Jocobo/.m2/repository/org/springframework/spring-test/4.3.14.RELEASE/spring-test-4.3.14.RELEASE.jar:/Users/Jocobo/.m2/repository/org/springframework/security/spring-security-test/4.2.4.RELEASE/spring-security-test-4.2.4.RELEASE.jar:/Users/Jocobo/.m2/repository/org/mockito/mockito-core/1.10.19/mockito-core-1.10.19.jar:/Users/Jocobo/.m2/repository/org/objenesis/objenesis/2.1/objenesis-2.1.jar:, java.specification.name=Java Platform API Specification, java.class.version=52.0, sun.management.compiler=HotSpot 64-Bit Tiered Compilers, os.version=10.13.4, http.nonProxyHosts=local|*.local|169.254/16|*.169.254/16, user.home=/Users/Jocobo, user.timezone=Asia/Bangkok, java.awt.printerjob=sun.lwawt.macosx.CPrinterJob, file.encoding=UTF-8, java.specification.version=1.8, java.class.path=/Users/Jocobo/NetBeansProjects/registration-service/target/test-classes:/Users/Jocobo/NetBeansProjects/registration-service/target/classes:/Users/Jocobo/.m2/repository/org/springframework/boot/spring-boot-starter-data-jpa/1.5.10.RELEASE/spring-boot-starter-data-jpa-1.5.10.RELEASE.jar:/Users/Jocobo/.m2/repository/org/springframework/boot/spring-boot-starter/1.5.10.RELEASE/spring-boot-starter-1.5.10.RELEASE.jar:/Users/Jocobo/.m2/repository/org/springframework/boot/spring-boot-starter-logging/1.5.10.RELEASE/spring-boot-starter-logging-1.5.10.RELEASE.jar:/Users/Jocobo/.m2/repository/ch/qos/logback/logback-classic/1.1.11/logback-classic-1.1.11.jar:/Users/Jocobo/.m2/repository/ch/qos/logback/logback-core/1.1.11/logback-core-1.1.11.jar:/Users/Jocobo/.m2/repository/org/slf4j/jul-to-slf4j/1.7.25/jul-to-slf4j-1.7.25.jar:/Users/Jocobo/.m2/repository/org/slf4j/log4j-over-slf4j/1.7.25/log4j-over-slf4j-1.7.25.jar:/Users/Jocobo/.m2/repository/org/yaml/snakeyaml/1.17/snakeyaml-1.17.jar:/Users/Jocobo/.m2/repository/org/springframework/boot/spring-boot-starter-aop/1.5.10.RELEASE/spring-boot-starter-aop-1.5.10.RELEASE.jar:/Users/Jocobo/.m2/repository/org/aspectj/aspectjweaver/1.8.13/aspectjweaver-1.8.13.jar:/Users/Jocobo/.m2/repository/org/springframework/boot/spring-boot-starter-jdbc/1.5.10.RELEASE/spring-boot-starter-jdbc-1.5.10.RELEASE.jar:/Users/Jocobo/.m2/repository/org/apache/tomcat/tomcat-jdbc/8.5.27/tomcat-jdbc-8.5.27.jar:/Users/Jocobo/.m2/repository/org/apache/tomcat/tomcat-juli/8.5.27/tomcat-juli-8.5.27.jar:/Users/Jocobo/.m2/repository/org/springframework/spring-jdbc/4.3.14.RELEASE/spring-jdbc-4.3.14.RELEASE.jar:/Users/Jocobo/.m2/repository/org/hibernate/hibernate-core/5.0.12.Final/hibernate-core-5.0.12.Final.jar:/Users/Jocobo/.m2/repository/org/jboss/logging/jboss-logging/3.3.1.Final/jboss-logging-3.3.1.Final.jar:/Users/Jocobo/.m2/repository/org/hibernate/javax/persistence/hibernate-jpa-2.1-api/1.0.0.Final/hibernate-jpa-2.1-api-1.0.0.Final.jar:/Users/Jocobo/.m2/repository/org/javassist/javassist/3.21.0-GA/javassist-3.21.0-GA.jar:/Users/Jocobo/.m2/repository/antlr/antlr/2.7.7/antlr-2.7.7.jar:/Users/Jocobo/.m2/repository/org/jboss/jandex/2.0.0.Final/jandex-2.0.0.Final.jar:/Users/Jocobo/.m2/repository/dom4j/dom4j/1.6.1/dom4j-1.6.1.jar:/Users/Jocobo/.m2/repository/org/hibernate/common/hibernate-commons-annotations/5.0.1.Final/hibernate-commons-annotations-5.0.1.Final.jar:/Users/Jocobo/.m2/repository/org/hibernate/hibernate-entitymanager/5.0.12.Final/hibernate-entitymanager-5.0.12.Final.jar:/Users/Jocobo/.m2/repository/javax/transaction/javax.transaction-api/1.2/javax.transaction-api-1.2.jar:/Users/Jocobo/.m2/repository/org/springframework/data/spring-data-jpa/1.11.10.RELEASE/spring-data-jpa-1.11.10.RELEASE.jar:/Users/Jocobo/.m2/repository/org/springframework/data/spring-data-commons/1.13.10.RELEASE/spring-data-commons-1.13.10.RELEASE.jar:/Users/Jocobo/.m2/repository/org/springframework/spring-orm/4.3.14.RELEASE/spring-orm-4.3.14.RELEASE.jar:/Users/Jocobo/.m2/repository/org/springframework/spring-tx/4.3.14.RELEASE/spring-tx-4.3.14.RELEASE.jar:/Users/Jocobo/.m2/repository/org/slf4j/slf4j-api/1.7.25/slf4j-api-1.7.25.jar:/Users/Jocobo/.m2/repository/org/slf4j/jcl-over-slf4j/1.7.25/jcl-over-slf4j-1.7.25.jar:/Users/Jocobo/.m2/repository/org/springframework/spring-aspects/4.3.14.RELEASE/spring-aspects-4.3.14.RELEASE.jar:/Users/Jocobo/.m2/repository/org/springframework/boot/spring-boot-starter-security/1.5.10.RELEASE/spring-boot-starter-security-1.5.10.RELEASE.jar:/Users/Jocobo/.m2/repository/org/springframework/spring-aop/4.3.14.RELEASE/spring-aop-4.3.14.RELEASE.jar:/Users/Jocobo/.m2/repository/org/springframework/security/spring-security-config/4.2.4.RELEASE/spring-security-config-4.2.4.RELEASE.jar:/Users/Jocobo/.m2/repository/org/springframework/security/spring-security-web/4.2.4.RELEASE/spring-security-web-4.2.4.RELEASE.jar:/Users/Jocobo/.m2/repository/org/springframework/spring-expression/4.3.14.RELEASE/spring-expression-4.3.14.RELEASE.jar:/Users/Jocobo/.m2/repository/org/springframework/boot/spring-boot-starter-web/1.5.10.RELEASE/spring-boot-starter-web-1.5.10.RELEASE.jar:/Users/Jocobo/.m2/repository/org/springframework/boot/spring-boot-starter-tomcat/1.5.10.RELEASE/spring-boot-starter-tomcat-1.5.10.RELEASE.jar:/Users/Jocobo/.m2/repository/org/apache/tomcat/embed/tomcat-embed-core/8.5.27/tomcat-embed-core-8.5.27.jar:/Users/Jocobo/.m2/repository/org/apache/tomcat/tomcat-annotations-api/8.5.27/tomcat-annotations-api-8.5.27.jar:/Users/Jocobo/.m2/repository/org/apache/tomcat/embed/tomcat-embed-el/8.5.27/tomcat-embed-el-8.5.27.jar:/Users/Jocobo/.m2/repository/org/apache/tomcat/embed/tomcat-embed-websocket/8.5.27/tomcat-embed-websocket-8.5.27.jar:/Users/Jocobo/.m2/repository/org/hibernate/hibernate-validator/5.3.6.Final/hibernate-validator-5.3.6.Final.jar:/Users/Jocobo/.m2/repository/javax/validation/validation-api/1.1.0.Final/validation-api-1.1.0.Final.jar:/Users/Jocobo/.m2/repository/com/fasterxml/classmate/1.3.4/classmate-1.3.4.jar:/Users/Jocobo/.m2/repository/com/fasterxml/jackson/core/jackson-databind/2.8.10/jackson-databind-2.8.10.jar:/Users/Jocobo/.m2/repository/com/fasterxml/jackson/core/jackson-annotations/2.8.0/jackson-annotations-2.8.0.jar:/Users/Jocobo/.m2/repository/com/fasterxml/jackson/core/jackson-core/2.8.10/jackson-core-2.8.10.jar:/Users/Jocobo/.m2/repository/org/springframework/spring-web/4.3.14.RELEASE/spring-web-4.3.14.RELEASE.jar:/Users/Jocobo/.m2/repository/org/springframework/spring-webmvc/4.3.14.RELEASE/spring-webmvc-4.3.14.RELEASE.jar:/Users/Jocobo/.m2/repository/org/springframework/security/oauth/spring-security-oauth2/2.0.14.RELEASE/spring-security-oauth2-2.0.14.RELEASE.jar:/Users/Jocobo/.m2/repository/org/springframework/spring-beans/4.3.14.RELEASE/spring-beans-4.3.14.RELEASE.jar:/Users/Jocobo/.m2/repository/org/springframework/spring-core/4.3.14.RELEASE/spring-core-4.3.14.RELEASE.jar:/Users/Jocobo/.m2/repository/org/springframework/spring-context/4.3.14.RELEASE/spring-context-4.3.14.RELEASE.jar:/Users/Jocobo/.m2/repository/org/springframework/security/spring-security-core/4.2.4.RELEASE/spring-security-core-4.2.4.RELEASE.jar:/Users/Jocobo/.m2/repository/aopalliance/aopalliance/1.0/aopalliance-1.0.jar:/Users/Jocobo/.m2/repository/commons-codec/commons-codec/1.10/commons-codec-1.10.jar:/Users/Jocobo/.m2/repository/org/codehaus/jackson/jackson-mapper-asl/1.9.13/jackson-mapper-asl-1.9.13.jar:/Users/Jocobo/.m2/repository/org/codehaus/jackson/jackson-core-asl/1.9.13/jackson-core-asl-1.9.13.jar:/Users/Jocobo/.m2/repository/org/springframework/security/spring-security-jwt/1.0.9.RELEASE/spring-security-jwt-1.0.9.RELEASE.jar:/Users/Jocobo/.m2/repository/org/bouncycastle/bcpkix-jdk15on/1.56/bcpkix-jdk15on-1.56.jar:/Users/Jocobo/.m2/repository/org/bouncycastle/bcprov-jdk15on/1.56/bcprov-jdk15on-1.56.jar:/Users/Jocobo/.m2/repository/org/springframework/boot/spring-boot-devtools/1.5.10.RELEASE/spring-boot-devtools-1.5.10.RELEASE.jar:/Users/Jocobo/.m2/repository/org/springframework/boot/spring-boot/1.5.10.RELEASE/spring-boot-1.5.10.RELEASE.jar:/Users/Jocobo/.m2/repository/org/springframework/boot/spring-boot-autoconfigure/1.5.10.RELEASE/spring-boot-autoconfigure-1.5.10.RELEASE.jar:/Users/Jocobo/.m2/repository/com/h2database/h2/1.4.196/h2-1.4.196.jar:/Users/Jocobo/.m2/repository/org/projectlombok/lombok/1.16.20/lombok-1.16.20.jar:/Users/Jocobo/.m2/repository/org/springframework/boot/spring-boot-starter-test/1.5.10.RELEASE/spring-boot-starter-test-1.5.10.RELEASE.jar:/Users/Jocobo/.m2/repository/org/springframework/boot/spring-boot-test/1.5.10.RELEASE/spring-boot-test-1.5.10.RELEASE.jar:/Users/Jocobo/.m2/repository/org/springframework/boot/spring-boot-test-autoconfigure/1.5.10.RELEASE/spring-boot-test-autoconfigure-1.5.10.RELEASE.jar:/Users/Jocobo/.m2/repository/com/jayway/jsonpath/json-path/2.2.0/json-path-2.2.0.jar:/Users/Jocobo/.m2/repository/net/minidev/json-smart/2.2.1/json-smart-2.2.1.jar:/Users/Jocobo/.m2/repository/net/minidev/accessors-smart/1.1/accessors-smart-1.1.jar:/Users/Jocobo/.m2/repository/org/ow2/asm/asm/5.0.3/asm-5.0.3.jar:/Users/Jocobo/.m2/repository/junit/junit/4.12/junit-4.12.jar:/Users/Jocobo/.m2/repository/org/assertj/assertj-core/2.6.0/assertj-core-2.6.0.jar:/Users/Jocobo/.m2/repository/org/hamcrest/hamcrest-core/1.3/hamcrest-core-1.3.jar:/Users/Jocobo/.m2/repository/org/hamcrest/hamcrest-library/1.3/hamcrest-library-1.3.jar:/Users/Jocobo/.m2/repository/org/skyscreamer/jsonassert/1.4.0/jsonassert-1.4.0.jar:/Users/Jocobo/.m2/repository/com/vaadin/external/google/android-json/0.0.20131108.vaadin1/android-json-0.0.20131108.vaadin1.jar:/Users/Jocobo/.m2/repository/org/springframework/spring-test/4.3.14.RELEASE/spring-test-4.3.14.RELEASE.jar:/Users/Jocobo/.m2/repository/org/springframework/security/spring-security-test/4.2.4.RELEASE/spring-security-test-4.2.4.RELEASE.jar:/Users/Jocobo/.m2/repository/org/mockito/mockito-core/1.10.19/mockito-core-1.10.19.jar:/Users/Jocobo/.m2/repository/org/objenesis/objenesis/2.1/objenesis-2.1.jar:, user.name=cpiyawut, java.vm.specification.version=1.8, sun.java.command=/Users/Jocobo/NetBeansProjects/registration-service/target/surefire/surefirebooter6155047621129083745.jar /Users/Jocobo/NetBeansProjects/registration-service/target/surefire/surefire8172418338490113599tmp /Users/Jocobo/NetBeansProjects/registration-service/target/surefire/surefire_08233755706079792376tmp, java.home=/Library/Java/JavaVirtualMachines/jdk1.8.0_111.jdk/Contents/Home/jre, sun.arch.data.model=64, user.language=en, java.specification.vendor=Oracle Corporation, awt.toolkit=sun.lwawt.macosx.LWCToolkit, java.vm.info=mixed mode, java.version=1.8.0_111, java.ext.dirs=/Users/Jocobo/Library/Java/Extensions:/Library/Java/JavaVirtualMachines/jdk1.8.0_111.jdk/Contents/Home/jre/lib/ext:/Library/Java/Extensions:/Network/Library/Java/Extensions:/System/Library/Java/Extensions:/usr/lib/java, sun.boot.class.path=/Library/Java/JavaVirtualMachines/jdk1.8.0_111.jdk/Contents/Home/jre/lib/resources.jar:/Library/Java/JavaVirtualMachines/jdk1.8.0_111.jdk/Contents/Home/jre/lib/rt.jar:/Library/Java/JavaVirtualMachines/jdk1.8.0_111.jdk/Contents/Home/jre/lib/sunrsasign.jar:/Library/Java/JavaVirtualMachines/jdk1.8.0_111.jdk/Contents/Home/jre/lib/jsse.jar:/Library/Java/JavaVirtualMachines/jdk1.8.0_111.jdk/Contents/Home/jre/lib/jce.jar:/Library/Java/JavaVirtualMachines/jdk1.8.0_111.jdk/Contents/Home/jre/lib/charsets.jar:/Library/Java/JavaVirtualMachines/jdk1.8.0_111.jdk/Contents/Home/jre/lib/jfr.jar:/Library/Java/JavaVirtualMachines/jdk1.8.0_111.jdk/Contents/Home/jre/classes, java.vendor=Oracle Corporation, localRepository=/Users/Jocobo/.m2/repository, file.separator=/, java.vendor.url.bug=http://bugreport.sun.com/bugreport/, sun.io.unicode.encoding=UnicodeBig, sun.cpu.endian=little, socksNonProxyHosts=local|*.local|169.254/16|*.169.254/16, ftp.nonProxyHosts=local|*.local|169.254/16|*.169.254/16, sun.cpu.isalist=}}, SystemEnvironmentPropertySource@1151844284 {name='systemEnvironment', properties={PATH=/usr/bin:/bin:/usr/sbin:/sbin, J2D_PIXMAPS=shared, JAVA_HOME=/Library/Java/JavaVirtualMachines/jdk1.8.0_111.jdk/Contents/Home, NB_EXEC_MAVEN_PROCESS_UUID=3d57158d-5467-47df-b8cd-0488d9fb5591, LOGNAME=cpiyawut, XPC_SERVICE_NAME=0, PWD=/Users/Jocobo/NetBeansProjects/registration-service, _=/Library/Java/JavaVirtualMachines/jdk1.8.0_111.jdk/Contents/Home/jre/bin/java, JAVA_MAIN_CLASS_4383=org.codehaus.plexus.classworlds.launcher.Launcher, APP_ICON_3536=/Applications/NetBeans/NetBeans 8.2.app/Contents/Resources/NetBeans/nb/netbeans.icns, APP_NAME_3536=NetBeans, SHELL=/bin/zsh, JAVA_MAIN_CLASS_4387=org.apache.maven.surefire.booter.ForkedBooter, OLDPWD=/Users/Jocobo/NetBeansProjects/registration-service, USER=cpiyawut, TMPDIR=/var/folders/ct/rd8w99ns4ws5yhfncwmpsfcc0000gn/T/, SSH_AUTH_SOCK=/private/tmp/com.apple.launchd.MAHqFtFZbZ/Listeners, XPC_FLAGS=0x0, M2_HOME=/Applications/NetBeans/NetBeans 8.2.app/Contents/Resources/NetBeans/java/maven, __CF_USER_TEXT_ENCODING=0x1F5:0x0:0x0, Apple_PubSub_Socket_Render=/private/tmp/com.apple.launchd.diK27S1KX0/Render, LC_CTYPE=UTF-8, HOME=/Users/Jocobo, SHLVL=2, JAVA_MAIN_CLASS_3536=org.netbeans.Main}}]
22:49:03.948 [main] DEBUG org.springframework.core.env.MutablePropertySources - Adding PropertySource 'inline' with highest search precedence
22:49:03.956 [main] DEBUG org.springframework.test.context.support.TestPropertySourceUtils - Adding inlined properties to environment: {spring.jmx.enabled=false, org.springframework.boot.test.autoconfigure.web.servlet.WebMvcTestContextBootstrapper=true, server.port=-1}
22:49:03.957 [main] DEBUG org.springframework.core.env.StandardEnvironment - Adding PropertySource 'Inlined Test Properties' with highest search precedence

  .   ____          _            __ _ _
 /\\ / ___'_ __ _ _(_)_ __  __ _ \ \ \ \
( ( )\___ | '_ | '_| | '_ \/ _` | \ \ \ \
 \\/  ___)| |_)| | | | | || (_| |  ) ) ) )
  '  |____| .__|_| |_|_| |_\__, | / / / /
 =========|_|==============|___/=/_/_/_/
 :: Spring Boot ::       (v1.5.10.RELEASE)

2018-06-02 22:49:04.609  INFO 4387 --- [           main] c.j.p.registration.UserControllerTest    : Starting UserControllerTest on Piyawuts-MacBook-Pro.local with PID 4387 (started by cpiyawut in /Users/Jocobo/NetBeansProjects/registration-service)
2018-06-02 22:49:04.610  INFO 4387 --- [           main] c.j.p.registration.UserControllerTest    : No active profile set, falling back to default profiles: default
2018-06-02 22:49:04.637  INFO 4387 --- [           main] o.s.w.c.s.GenericWebApplicationContext   : Refreshing org.springframework.web.context.support.GenericWebApplicationContext@2b175c00: startup date [Sat Jun 02 22:49:04 ICT 2018]; root of context hierarchy
2018-06-02 22:49:06.454  INFO 4387 --- [           main] s.w.s.m.m.a.RequestMappingHandlerAdapter : Looking for @ControllerAdvice: org.springframework.web.context.support.GenericWebApplicationContext@2b175c00: startup date [Sat Jun 02 22:49:04 ICT 2018]; root of context hierarchy
2018-06-02 22:49:06.547  INFO 4387 --- [           main] s.w.s.m.m.a.RequestMappingHandlerMapping : Mapped "{[/users/{username}],methods=[GET]}" onto public com.job.piyawut.registration.model.User com.job.piyawut.registration.controller.UserController.getUser(java.lang.String) throws com.job.piyawut.registration.exception.DataNotFoundException
2018-06-02 22:49:06.549  INFO 4387 --- [           main] s.w.s.m.m.a.RequestMappingHandlerMapping : Mapped "{[/users],methods=[GET]}" onto public java.util.List<com.job.piyawut.registration.model.User> com.job.piyawut.registration.controller.UserController.getUsers() throws com.job.piyawut.registration.exception.DataNotFoundException
2018-06-02 22:49:06.549  INFO 4387 --- [           main] s.w.s.m.m.a.RequestMappingHandlerMapping : Mapped "{[/users/{username}],methods=[DELETE]}" onto public java.lang.String com.job.piyawut.registration.controller.UserController.deleteUser(java.lang.String) throws com.job.piyawut.registration.exception.DataNotFoundException
2018-06-02 22:49:06.552  INFO 4387 --- [           main] s.w.s.m.m.a.RequestMappingHandlerMapping : Mapped "{[/error]}" onto public org.springframework.http.ResponseEntity<java.util.Map<java.lang.String, java.lang.Object>> org.springframework.boot.autoconfigure.web.BasicErrorController.error(javax.servlet.http.HttpServletRequest)
2018-06-02 22:49:06.553  INFO 4387 --- [           main] s.w.s.m.m.a.RequestMappingHandlerMapping : Mapped "{[/error],produces=[text/html]}" onto public org.springframework.web.servlet.ModelAndView org.springframework.boot.autoconfigure.web.BasicErrorController.errorHtml(javax.servlet.http.HttpServletRequest,javax.servlet.http.HttpServletResponse)
2018-06-02 22:49:06.591  INFO 4387 --- [           main] o.s.w.s.handler.SimpleUrlHandlerMapping  : Mapped URL path [/webjars/**] onto handler of type [class org.springframework.web.servlet.resource.ResourceHttpRequestHandler]
2018-06-02 22:49:06.591  INFO 4387 --- [           main] o.s.w.s.handler.SimpleUrlHandlerMapping  : Mapped URL path [/**] onto handler of type [class org.springframework.web.servlet.resource.ResourceHttpRequestHandler]
2018-06-02 22:49:06.641  INFO 4387 --- [           main] o.s.w.s.handler.SimpleUrlHandlerMapping  : Mapped URL path [/**/favicon.ico] onto handler of type [class org.springframework.web.servlet.resource.ResourceHttpRequestHandler]
2018-06-02 22:49:06.850  INFO 4387 --- [           main] o.s.b.t.m.w.SpringBootMockServletContext : Initializing Spring FrameworkServlet ''
2018-06-02 22:49:06.850  INFO 4387 --- [           main] o.s.t.web.servlet.TestDispatcherServlet  : FrameworkServlet '': initialization started
2018-06-02 22:49:06.883  INFO 4387 --- [           main] o.s.t.web.servlet.TestDispatcherServlet  : FrameworkServlet '': initialization completed in 33 ms
2018-06-02 22:49:06.970  INFO 4387 --- [           main] c.j.p.registration.UserControllerTest    : Started UserControllerTest in 2.988 seconds (JVM running for 4.362)

MockHttpServletRequest:
      HTTP Method = GET
      Request URI = /users/testUser
       Parameters = {}
          Headers = {}

Handler:
             Type = com.job.piyawut.registration.controller.UserController
           Method = public com.job.piyawut.registration.model.User com.job.piyawut.registration.controller.UserController.getUser(java.lang.String) throws com.job.piyawut.registration.exception.DataNotFoundException

Async:
    Async started = false
     Async result = null

Resolved Exception:
             Type = null

ModelAndView:
        View name = null
             View = null
            Model = null

FlashMap:
       Attributes = null

MockHttpServletResponse:
           Status = 200
    Error message = null
          Headers = {Content-Type=[application/json;charset=UTF-8]}
     Content type = application/json;charset=UTF-8
             Body = {"id":0,"username":null,"password":null,"phone":null,"salary":null,"refCode":null,"type":null,"enabled":true,"accountNonExpired":true,"accountNonLocked":true,"credentialsNonExpired":true,"authorities":[{"authority":"ROLE_USER"}]}
    Forwarded URL = null
   Redirected URL = null
          Cookies = []
]]></system-out>
  </testcase>
</testsuite>